#
# There is insufficient memory for the Java Runtime Environment to continue.
# Native memory allocation (malloc) failed to allocate 32744 bytes. Error detail: ChunkPool::allocate
# Possible reasons:
#   The system is out of physical RAM or swap space
#   This process is running with CompressedOops enabled, and the Java Heap may be blocking the growth of the native heap
# Possible solutions:
#   Reduce memory load on the system
#   Increase physical memory or swap space
#   Check if swap backing store is full
#   Decrease Java heap size (-Xmx/-Xms)
#   Decrease number of Java threads
#   Decrease Java thread stack sizes (-Xss)
#   Set larger code cache with -XX:ReservedCodeCacheSize=
#   JVM is running with Unscaled Compressed Oops mode in which the Java heap is
#     placed in the first 4GB address space. The Java Heap base address is the
#     maximum limit for the native heap growth. Please use -XX:HeapBaseMinAddress
#     to set the Java Heap base and to place the Java Heap above 4GB virtual address.
# This output file may be truncated or incomplete.
#
#  Out of Memory Error (arena.cpp:79), pid=6464, tid=28728
#
# JRE version: OpenJDK Runtime Environment Microsoft-9388408 (17.0.11+9) (build 17.0.11+9-LTS)
# Java VM: OpenJDK 64-Bit Server VM Microsoft-9388408 (17.0.11+9-LTS, mixed mode, sharing, tiered, compressed oops, compressed class ptrs, g1 gc, windows-amd64)
# No core dump will be written. Minidumps are not enabled by default on client versions of Windows
#

---------------  S U M M A R Y ------------

Command Line: org.jetbrains.kotlin.cli.jvm.K2JVMCompiler @C:\Users\Bruno\Videos\app_graal\app_graal\node_modules\react-native-vision-camera\android\build\20241003_10055705245441934286.compiler.options

Host: Intel(R) Core(TM) i7-9750H CPU @ 2.60GHz, 12 cores, 7G,  Windows 11 , 64 bit Build 22621 (10.0.22621.3958)
Time: Thu Oct  3 16:29:31 2024 Hora oficial do Brasil elapsed time: 9.213966 seconds (0d 0h 0m 9s)

---------------  T H R E A D  ---------------

Current thread (0x000002e568e1fef0):  JavaThread "C2 CompilerThread1" daemon [_thread_in_native, id=28728, stack(0x000000ed02700000,0x000000ed02800000)]


Current CompileTask:
C2:   9214 4161       4       org.jetbrains.kotlin.parsing.KotlinExpressionParsing::parseBinaryExpression (70 bytes)

Stack: [0x000000ed02700000,0x000000ed02800000]
Native frames: (J=compiled Java code, j=interpreted, Vv=VM code, C=native code)
V  [jvm.dll+0x67f6d9]
V  [jvm.dll+0x83773a]
V  [jvm.dll+0x8391fe]
V  [jvm.dll+0x839863]
V  [jvm.dll+0x247fbf]
V  [jvm.dll+0xac741]
V  [jvm.dll+0xacb8c]
V  [jvm.dll+0x36dbf2]
V  [jvm.dll+0x568439]
V  [jvm.dll+0x332e49]
V  [jvm.dll+0x3322ba]
V  [jvm.dll+0x21a5d1]
V  [jvm.dll+0x219a11]
V  [jvm.dll+0x1a5396]
V  [jvm.dll+0x2297cd]
V  [jvm.dll+0x22799c]
V  [jvm.dll+0x7ec8b7]
V  [jvm.dll+0x7e6cba]
V  [jvm.dll+0x67e5c5]
C  [ucrtbase.dll+0x29333]
C  [KERNEL32.DLL+0x1257d]
C  [ntdll.dll+0x5af28]


---------------  P R O C E S S  ---------------

Threads class SMR info:
_java_thread_list=0x000002e568c254e0, length=13, elements={
0x000002e5023b0e30, 0x000002e522afdc80, 0x000002e522afea10, 0x000002e522b115a0,
0x000002e522b18ea0, 0x000002e522b19770, 0x000002e522b1b050, 0x000002e522b1bc50,
0x000002e522b1c560, 0x000002e522b34da0, 0x000002e5681079b0, 0x000002e56810e980,
0x000002e568e1fef0
}

Java Threads: ( => current thread )
  0x000002e5023b0e30 JavaThread "main" [_thread_in_vm, id=16644, stack(0x000000ed00f00000,0x000000ed01000000)]
  0x000002e522afdc80 JavaThread "Reference Handler" daemon [_thread_blocked, id=22828, stack(0x000000ed01600000,0x000000ed01700000)]
  0x000002e522afea10 JavaThread "Finalizer" daemon [_thread_blocked, id=18532, stack(0x000000ed01700000,0x000000ed01800000)]
  0x000002e522b115a0 JavaThread "Signal Dispatcher" daemon [_thread_blocked, id=1280, stack(0x000000ed01800000,0x000000ed01900000)]
  0x000002e522b18ea0 JavaThread "Attach Listener" daemon [_thread_blocked, id=12292, stack(0x000000ed01900000,0x000000ed01a00000)]
  0x000002e522b19770 JavaThread "Service Thread" daemon [_thread_blocked, id=10100, stack(0x000000ed01a00000,0x000000ed01b00000)]
  0x000002e522b1b050 JavaThread "Monitor Deflation Thread" daemon [_thread_blocked, id=14408, stack(0x000000ed01b00000,0x000000ed01c00000)]
  0x000002e522b1bc50 JavaThread "C2 CompilerThread0" daemon [_thread_in_native, id=23296, stack(0x000000ed01c00000,0x000000ed01d00000)]
  0x000002e522b1c560 JavaThread "C1 CompilerThread0" daemon [_thread_blocked, id=25376, stack(0x000000ed01d00000,0x000000ed01e00000)]
  0x000002e522b34da0 JavaThread "Sweeper thread" daemon [_thread_blocked, id=13936, stack(0x000000ed01e00000,0x000000ed01f00000)]
  0x000002e5681079b0 JavaThread "Notification Thread" daemon [_thread_blocked, id=9764, stack(0x000000ed01f00000,0x000000ed02000000)]
  0x000002e56810e980 JavaThread "Common-Cleaner" daemon [_thread_blocked, id=8312, stack(0x000000ed02100000,0x000000ed02200000)]
=>0x000002e568e1fef0 JavaThread "C2 CompilerThread1" daemon [_thread_in_native, id=28728, stack(0x000000ed02700000,0x000000ed02800000)]

Other Threads:
  0x000002e522af9160 VMThread "VM Thread" [stack: 0x000000ed01500000,0x000000ed01600000] [id=21712]
  0x000002e56810dec0 WatcherThread [stack: 0x000000ed02000000,0x000000ed02100000] [id=29240]
  0x000002e50240b720 GCTaskThread "GC Thread#0" [stack: 0x000000ed01000000,0x000000ed01100000] [id=27420]
  0x000002e568590eb0 GCTaskThread "GC Thread#1" [stack: 0x000000ed02200000,0x000000ed02300000] [id=30592]
  0x000002e568627e00 GCTaskThread "GC Thread#2" [stack: 0x000000ed02300000,0x000000ed02400000] [id=28144]
  0x000002e56865d730 GCTaskThread "GC Thread#3" [stack: 0x000000ed02400000,0x000000ed02500000] [id=9084]
  0x000002e56865d9f0 GCTaskThread "GC Thread#4" [stack: 0x000000ed02500000,0x000000ed02600000] [id=23668]
  0x000002e56865dcb0 GCTaskThread "GC Thread#5" [stack: 0x000000ed02600000,0x000000ed02700000] [id=13396]
  0x000002e569145900 GCTaskThread "GC Thread#6" [stack: 0x000000ed02900000,0x000000ed02a00000] [id=4064]
  0x000002e56939bcd0 GCTaskThread "GC Thread#7" [stack: 0x000000ed02a00000,0x000000ed02b00000] [id=12040]
  0x000002e568edd4b0 GCTaskThread "GC Thread#8" [stack: 0x000000ed02b00000,0x000000ed02c00000] [id=7868]
  0x000002e569a1e110 GCTaskThread "GC Thread#9" [stack: 0x000000ed02800000,0x000000ed02900000] [id=29620]
  0x000002e50241c270 ConcurrentGCThread "G1 Main Marker" [stack: 0x000000ed01100000,0x000000ed01200000] [id=24556]
  0x000002e50241cc90 ConcurrentGCThread "G1 Conc#0" [stack: 0x000000ed01200000,0x000000ed01300000] [id=21932]
  0x000002e569a1e3d0 ConcurrentGCThread "G1 Conc#1" [stack: 0x000000ed02c00000,0x000000ed02d00000] [id=14288]
  0x000002e569a1f190 ConcurrentGCThread "G1 Conc#2" [stack: 0x000000ed02d00000,0x000000ed02e00000] [id=17084]
  0x000002e50245de90 ConcurrentGCThread "G1 Refine#0" [stack: 0x000000ed01300000,0x000000ed01400000] [id=19320]
  0x000002e56933c320 ConcurrentGCThread "G1 Refine#1" [stack: 0x000000ed02e00000,0x000000ed02f00000] [id=10308]
  0x000002e50245e7d0 ConcurrentGCThread "G1 Service" [stack: 0x000000ed01400000,0x000000ed01500000] [id=2656]

Threads with active compile tasks:
C2 CompilerThread0     9248 4186       4       org.jetbrains.kotlin.com.intellij.lang.impl.PsiBuilderImpl::insertLeaves (88 bytes)
C2 CompilerThread1     9248 4161       4       org.jetbrains.kotlin.parsing.KotlinExpressionParsing::parseBinaryExpression (70 bytes)

VM state: not at safepoint (normal execution)

VM Mutex/Monitor currently owned by a thread: None

Heap address: 0x0000000082000000, size: 2016 MB, Compressed Oops mode: 32-bit

CDS archive(s) mapped at: [0x000002e523000000-0x000002e523bb0000-0x000002e523bb0000), size 12255232, SharedBaseAddress: 0x000002e523000000, ArchiveRelocationMode: 1.
Compressed class space mapped at: 0x000002e524000000-0x000002e564000000, reserved size: 1073741824
Narrow klass base: 0x000002e523000000, Narrow klass shift: 0, Narrow klass range: 0x100000000

GC Precious Log:
 CPUs: 12 total, 12 available
 Memory: 8062M
 Large Page Support: Disabled
 NUMA Support: Disabled
 Compressed Oops: Enabled (32-bit)
 Heap Region Size: 1M
 Heap Min Capacity: 8M
 Heap Initial Capacity: 126M
 Heap Max Capacity: 2016M
 Pre-touch: Disabled
 Parallel Workers: 10
 Concurrent Workers: 3
 Concurrent Refinement Workers: 10
 Periodic GC: Disabled

Heap:
 garbage-first heap   total 100352K, used 45019K [0x0000000082000000, 0x0000000100000000)
  region size 1024K, 17 young (17408K), 1 survivors (1024K)
 Metaspace       used 37227K, committed 37504K, reserved 1114112K
  class space    used 4488K, committed 4608K, reserved 1048576K

Heap Regions: E=young(eden), S=young(survivor), O=old, HS=humongous(starts), HC=humongous(continues), CS=collection set, F=free, OA=open archive, CA=closed archive, TAMS=top-at-mark-start (previous, next)
|   0|0x0000000082000000, 0x0000000082100000, 0x0000000082100000|100%|HS|  |TAMS 0x0000000082100000, 0x0000000082000000| Complete 
|   1|0x0000000082100000, 0x0000000082200000, 0x0000000082200000|100%|HC|  |TAMS 0x0000000082200000, 0x0000000082100000| Complete 
|   2|0x0000000082200000, 0x0000000082300000, 0x0000000082300000|100%|HC|  |TAMS 0x0000000082300000, 0x0000000082200000| Complete 
|   3|0x0000000082300000, 0x0000000082400000, 0x0000000082400000|100%|HC|  |TAMS 0x0000000082400000, 0x0000000082300000| Complete 
|   4|0x0000000082400000, 0x0000000082500000, 0x0000000082500000|100%| O|  |TAMS 0x0000000082500000, 0x0000000082400000| Untracked 
|   5|0x0000000082500000, 0x0000000082600000, 0x0000000082600000|100%| O|  |TAMS 0x0000000082600000, 0x0000000082500000| Untracked 
|   6|0x0000000082600000, 0x0000000082700000, 0x0000000082700000|100%| O|  |TAMS 0x0000000082700000, 0x0000000082600000| Untracked 
|   7|0x0000000082700000, 0x0000000082800000, 0x0000000082800000|100%| O|  |TAMS 0x0000000082800000, 0x0000000082700000| Untracked 
|   8|0x0000000082800000, 0x0000000082900000, 0x0000000082900000|100%| O|  |TAMS 0x0000000082800000, 0x0000000082800000| Untracked 
|   9|0x0000000082900000, 0x0000000082a00000, 0x0000000082a00000|100%| O|  |TAMS 0x0000000082a00000, 0x0000000082900000| Untracked 
|  10|0x0000000082a00000, 0x0000000082b00000, 0x0000000082b00000|100%| O|  |TAMS 0x0000000082b00000, 0x0000000082a00000| Untracked 
|  11|0x0000000082b00000, 0x0000000082c00000, 0x0000000082c00000|100%| O|  |TAMS 0x0000000082c00000, 0x0000000082b00000| Untracked 
|  12|0x0000000082c00000, 0x0000000082d00000, 0x0000000082d00000|100%| O|  |TAMS 0x0000000082d00000, 0x0000000082c00000| Untracked 
|  13|0x0000000082d00000, 0x0000000082e00000, 0x0000000082e00000|100%| O|  |TAMS 0x0000000082e00000, 0x0000000082d00000| Untracked 
|  14|0x0000000082e00000, 0x0000000082f00000, 0x0000000082f00000|100%| O|  |TAMS 0x0000000082f00000, 0x0000000082e00000| Untracked 
|  15|0x0000000082f00000, 0x0000000083000000, 0x0000000083000000|100%| O|  |TAMS 0x0000000083000000, 0x0000000082f00000| Untracked 
|  16|0x0000000083000000, 0x0000000083100000, 0x0000000083100000|100%| O|  |TAMS 0x0000000083100000, 0x0000000083000000| Untracked 
|  17|0x0000000083100000, 0x0000000083200000, 0x0000000083200000|100%| O|  |TAMS 0x0000000083200000, 0x0000000083100000| Untracked 
|  18|0x0000000083200000, 0x0000000083300000, 0x0000000083300000|100%| O|  |TAMS 0x0000000083300000, 0x0000000083200000| Untracked 
|  19|0x0000000083300000, 0x0000000083400000, 0x0000000083400000|100%|HS|  |TAMS 0x0000000083400000, 0x0000000083300000| Complete 
|  20|0x0000000083400000, 0x0000000083500000, 0x0000000083500000|100%|HC|  |TAMS 0x0000000083500000, 0x0000000083400000| Complete 
|  21|0x0000000083500000, 0x0000000083600000, 0x0000000083600000|100%| O|  |TAMS 0x00000000835c7e00, 0x0000000083500000| Untracked 
|  22|0x0000000083600000, 0x0000000083700000, 0x0000000083700000|100%| O|  |TAMS 0x0000000083600000, 0x0000000083600000| Untracked 
|  23|0x0000000083700000, 0x0000000083800000, 0x0000000083800000|100%| O|  |TAMS 0x0000000083700000, 0x0000000083700000| Untracked 
|  24|0x0000000083800000, 0x0000000083900000, 0x0000000083900000|100%| O|  |TAMS 0x0000000083800000, 0x0000000083800000| Untracked 
|  25|0x0000000083900000, 0x0000000083a00000, 0x0000000083a00000|100%| O|  |TAMS 0x0000000083900000, 0x0000000083900000| Untracked 
|  26|0x0000000083a00000, 0x0000000083b00000, 0x0000000083b00000|100%| O|  |TAMS 0x0000000083a00000, 0x0000000083a00000| Untracked 
|  27|0x0000000083b00000, 0x0000000083bf6c00, 0x0000000083c00000| 96%| O|  |TAMS 0x0000000083b00000, 0x0000000083b00000| Untracked 
|  28|0x0000000083c00000, 0x0000000083c00000, 0x0000000083d00000|  0%| F|  |TAMS 0x0000000083c00000, 0x0000000083c00000| Untracked 
|  29|0x0000000083d00000, 0x0000000083d00000, 0x0000000083e00000|  0%| F|  |TAMS 0x0000000083d00000, 0x0000000083d00000| Untracked 
|  30|0x0000000083e00000, 0x0000000083e00000, 0x0000000083f00000|  0%| F|  |TAMS 0x0000000083e00000, 0x0000000083e00000| Untracked 
|  31|0x0000000083f00000, 0x0000000083f00000, 0x0000000084000000|  0%| F|  |TAMS 0x0000000083f00000, 0x0000000083f00000| Untracked 
|  32|0x0000000084000000, 0x0000000084000000, 0x0000000084100000|  0%| F|  |TAMS 0x0000000084000000, 0x0000000084000000| Untracked 
|  33|0x0000000084100000, 0x0000000084100000, 0x0000000084200000|  0%| F|  |TAMS 0x0000000084100000, 0x0000000084100000| Untracked 
|  34|0x0000000084200000, 0x0000000084200000, 0x0000000084300000|  0%| F|  |TAMS 0x0000000084200000, 0x0000000084200000| Untracked 
|  35|0x0000000084300000, 0x0000000084300000, 0x0000000084400000|  0%| F|  |TAMS 0x0000000084300000, 0x0000000084300000| Untracked 
|  36|0x0000000084400000, 0x0000000084400000, 0x0000000084500000|  0%| F|  |TAMS 0x0000000084400000, 0x0000000084400000| Untracked 
|  37|0x0000000084500000, 0x0000000084500000, 0x0000000084600000|  0%| F|  |TAMS 0x0000000084500000, 0x0000000084500000| Untracked 
|  38|0x0000000084600000, 0x0000000084600000, 0x0000000084700000|  0%| F|  |TAMS 0x0000000084600000, 0x0000000084600000| Untracked 
|  39|0x0000000084700000, 0x0000000084700000, 0x0000000084800000|  0%| F|  |TAMS 0x0000000084700000, 0x0000000084700000| Untracked 
|  40|0x0000000084800000, 0x0000000084800000, 0x0000000084900000|  0%| F|  |TAMS 0x0000000084800000, 0x0000000084800000| Untracked 
|  41|0x0000000084900000, 0x0000000084900000, 0x0000000084a00000|  0%| F|  |TAMS 0x0000000084900000, 0x0000000084900000| Untracked 
|  42|0x0000000084a00000, 0x0000000084a00000, 0x0000000084b00000|  0%| F|  |TAMS 0x0000000084a00000, 0x0000000084a00000| Untracked 
|  43|0x0000000084b00000, 0x0000000084b00000, 0x0000000084c00000|  0%| F|  |TAMS 0x0000000084b00000, 0x0000000084b00000| Untracked 
|  44|0x0000000084c00000, 0x0000000084c00000, 0x0000000084d00000|  0%| F|  |TAMS 0x0000000084c00000, 0x0000000084c00000| Untracked 
|  45|0x0000000084d00000, 0x0000000084d00000, 0x0000000084e00000|  0%| F|  |TAMS 0x0000000084d00000, 0x0000000084d00000| Untracked 
|  46|0x0000000084e00000, 0x0000000084e00000, 0x0000000084f00000|  0%| F|  |TAMS 0x0000000084e00000, 0x0000000084e00000| Untracked 
|  47|0x0000000084f00000, 0x0000000084f00000, 0x0000000085000000|  0%| F|  |TAMS 0x0000000084f00000, 0x0000000084f00000| Untracked 
|  48|0x0000000085000000, 0x0000000085000000, 0x0000000085100000|  0%| F|  |TAMS 0x0000000085000000, 0x0000000085000000| Untracked 
|  49|0x0000000085100000, 0x0000000085100000, 0x0000000085200000|  0%| F|  |TAMS 0x0000000085100000, 0x0000000085100000| Untracked 
|  50|0x0000000085200000, 0x0000000085200000, 0x0000000085300000|  0%| F|  |TAMS 0x0000000085200000, 0x0000000085200000| Untracked 
|  51|0x0000000085300000, 0x0000000085300000, 0x0000000085400000|  0%| F|  |TAMS 0x0000000085300000, 0x0000000085300000| Untracked 
|  52|0x0000000085400000, 0x0000000085400000, 0x0000000085500000|  0%| F|  |TAMS 0x0000000085400000, 0x0000000085400000| Untracked 
|  53|0x0000000085500000, 0x0000000085500000, 0x0000000085600000|  0%| F|  |TAMS 0x0000000085500000, 0x0000000085500000| Untracked 
|  54|0x0000000085600000, 0x0000000085600000, 0x0000000085700000|  0%| F|  |TAMS 0x0000000085600000, 0x0000000085600000| Untracked 
|  55|0x0000000085700000, 0x0000000085700000, 0x0000000085800000|  0%| F|  |TAMS 0x0000000085700000, 0x0000000085700000| Untracked 
|  56|0x0000000085800000, 0x0000000085800000, 0x0000000085900000|  0%| F|  |TAMS 0x0000000085800000, 0x0000000085800000| Untracked 
|  57|0x0000000085900000, 0x0000000085900000, 0x0000000085a00000|  0%| F|  |TAMS 0x0000000085900000, 0x0000000085900000| Untracked 
|  58|0x0000000085a00000, 0x0000000085a00000, 0x0000000085b00000|  0%| F|  |TAMS 0x0000000085a00000, 0x0000000085a00000| Untracked 
|  59|0x0000000085b00000, 0x0000000085b00000, 0x0000000085c00000|  0%| F|  |TAMS 0x0000000085b00000, 0x0000000085b00000| Untracked 
|  60|0x0000000085c00000, 0x0000000085c00000, 0x0000000085d00000|  0%| F|  |TAMS 0x0000000085c00000, 0x0000000085c00000| Untracked 
|  61|0x0000000085d00000, 0x0000000085d00000, 0x0000000085e00000|  0%| F|  |TAMS 0x0000000085d00000, 0x0000000085d00000| Untracked 
|  62|0x0000000085e00000, 0x0000000085e00000, 0x0000000085f00000|  0%| F|  |TAMS 0x0000000085e00000, 0x0000000085e00000| Untracked 
|  63|0x0000000085f00000, 0x0000000085f00000, 0x0000000086000000|  0%| F|  |TAMS 0x0000000085f00000, 0x0000000085f00000| Untracked 
|  64|0x0000000086000000, 0x0000000086000000, 0x0000000086100000|  0%| F|  |TAMS 0x0000000086000000, 0x0000000086000000| Untracked 
|  65|0x0000000086100000, 0x0000000086100000, 0x0000000086200000|  0%| F|  |TAMS 0x0000000086100000, 0x0000000086100000| Untracked 
|  66|0x0000000086200000, 0x0000000086200000, 0x0000000086300000|  0%| F|  |TAMS 0x0000000086200000, 0x0000000086200000| Untracked 
|  67|0x0000000086300000, 0x0000000086300000, 0x0000000086400000|  0%| F|  |TAMS 0x0000000086300000, 0x0000000086300000| Untracked 
|  68|0x0000000086400000, 0x0000000086400000, 0x0000000086500000|  0%| F|  |TAMS 0x0000000086400000, 0x0000000086400000| Untracked 
|  69|0x0000000086500000, 0x0000000086500000, 0x0000000086600000|  0%| F|  |TAMS 0x0000000086500000, 0x0000000086500000| Untracked 
|  70|0x0000000086600000, 0x0000000086600000, 0x0000000086700000|  0%| F|  |TAMS 0x0000000086600000, 0x0000000086600000| Untracked 
|  71|0x0000000086700000, 0x0000000086700000, 0x0000000086800000|  0%| F|  |TAMS 0x0000000086700000, 0x0000000086700000| Untracked 
|  72|0x0000000086800000, 0x0000000086800000, 0x0000000086900000|  0%| F|  |TAMS 0x0000000086800000, 0x0000000086800000| Untracked 
|  73|0x0000000086900000, 0x0000000086900000, 0x0000000086a00000|  0%| F|  |TAMS 0x0000000086900000, 0x0000000086900000| Untracked 
|  74|0x0000000086a00000, 0x0000000086a00000, 0x0000000086b00000|  0%| F|  |TAMS 0x0000000086a00000, 0x0000000086a00000| Untracked 
|  75|0x0000000086b00000, 0x0000000086b00000, 0x0000000086c00000|  0%| F|  |TAMS 0x0000000086b00000, 0x0000000086b00000| Untracked 
|  76|0x0000000086c00000, 0x0000000086c00000, 0x0000000086d00000|  0%| F|  |TAMS 0x0000000086c00000, 0x0000000086c00000| Untracked 
|  77|0x0000000086d00000, 0x0000000086d00000, 0x0000000086e00000|  0%| F|  |TAMS 0x0000000086d00000, 0x0000000086d00000| Untracked 
|  78|0x0000000086e00000, 0x0000000086e00000, 0x0000000086f00000|  0%| F|  |TAMS 0x0000000086e00000, 0x0000000086e00000| Untracked 
|  79|0x0000000086f00000, 0x0000000086f00000, 0x0000000087000000|  0%| F|  |TAMS 0x0000000086f00000, 0x0000000086f00000| Untracked 
|  80|0x0000000087000000, 0x0000000087000000, 0x0000000087100000|  0%| F|  |TAMS 0x0000000087000000, 0x0000000087000000| Untracked 
|  81|0x0000000087100000, 0x0000000087187948, 0x0000000087200000| 52%| E|  |TAMS 0x0000000087100000, 0x0000000087100000| Complete 
|  82|0x0000000087200000, 0x0000000087300000, 0x0000000087300000|100%| E|CS|TAMS 0x0000000087200000, 0x0000000087200000| Complete 
|  83|0x0000000087300000, 0x0000000087400000, 0x0000000087400000|100%| E|CS|TAMS 0x0000000087300000, 0x0000000087300000| Complete 
|  84|0x0000000087400000, 0x0000000087500000, 0x0000000087500000|100%| E|CS|TAMS 0x0000000087400000, 0x0000000087400000| Complete 
|  85|0x0000000087500000, 0x0000000087600000, 0x0000000087600000|100%| E|CS|TAMS 0x0000000087500000, 0x0000000087500000| Complete 
|  86|0x0000000087600000, 0x0000000087700000, 0x0000000087700000|100%| E|CS|TAMS 0x0000000087600000, 0x0000000087600000| Complete 
|  87|0x0000000087700000, 0x0000000087800000, 0x0000000087800000|100%| E|CS|TAMS 0x0000000087700000, 0x0000000087700000| Complete 
|  88|0x0000000087800000, 0x0000000087900000, 0x0000000087900000|100%| E|CS|TAMS 0x0000000087800000, 0x0000000087800000| Complete 
|  89|0x0000000087900000, 0x0000000087a00000, 0x0000000087a00000|100%| E|CS|TAMS 0x0000000087900000, 0x0000000087900000| Complete 
|  90|0x0000000087a00000, 0x0000000087b00000, 0x0000000087b00000|100%| E|CS|TAMS 0x0000000087a00000, 0x0000000087a00000| Complete 
|  91|0x0000000087b00000, 0x0000000087c00000, 0x0000000087c00000|100%| E|CS|TAMS 0x0000000087b00000, 0x0000000087b00000| Complete 
|  92|0x0000000087c00000, 0x0000000087d00000, 0x0000000087d00000|100%| E|CS|TAMS 0x0000000087c00000, 0x0000000087c00000| Complete 
|  93|0x0000000087d00000, 0x0000000087e00000, 0x0000000087e00000|100%| S|CS|TAMS 0x0000000087d00000, 0x0000000087d00000| Complete 
|  94|0x0000000087e00000, 0x0000000087f00000, 0x0000000087f00000|100%| E|CS|TAMS 0x0000000087e00000, 0x0000000087e00000| Complete 
|  95|0x0000000087f00000, 0x0000000088000000, 0x0000000088000000|100%| E|CS|TAMS 0x0000000087f00000, 0x0000000087f00000| Complete 
|  96|0x0000000088000000, 0x0000000088100000, 0x0000000088100000|100%| E|CS|TAMS 0x0000000088000000, 0x0000000088000000| Complete 
| 125|0x0000000089d00000, 0x0000000089e00000, 0x0000000089e00000|100%| E|CS|TAMS 0x0000000089d00000, 0x0000000089d00000| Complete 

Card table byte_map: [0x000002e51b740000,0x000002e51bb30000] _byte_map_base: 0x000002e51b330000

Marking Bits (Prev, Next): (CMBitMap*) 0x000002e50240bd40, (CMBitMap*) 0x000002e50240bd80
 Prev Bits: [0x000002e51bf20000, 0x000002e51dea0000)
 Next Bits: [0x000002e51dea0000, 0x000002e51fe20000)

Polling page: 0x000002e502460000

Metaspace:

Usage:
  Non-class:     31.97 MB used.
      Class:      4.38 MB used.
       Both:     36.35 MB used.

Virtual space:
  Non-class space:       64.00 MB reserved,      32.12 MB ( 50%) committed,  1 nodes.
      Class space:        1.00 GB reserved,       4.50 MB ( <1%) committed,  1 nodes.
             Both:        1.06 GB reserved,      36.62 MB (  3%) committed. 

Chunk freelists:
   Non-Class:  14.36 MB
       Class:  11.50 MB
        Both:  25.86 MB

MaxMetaspaceSize: unlimited
CompressedClassSpaceSize: 1.00 GB
Initial GC threshold: 21.00 MB
Current GC threshold: 59.38 MB
CDS: on
MetaspaceReclaimPolicy: balanced
 - commit_granule_bytes: 65536.
 - commit_granule_words: 8192.
 - virtual_space_node_default_size: 8388608.
 - enlarge_chunks_in_place: 1.
 - new_chunks_are_fully_committed: 0.
 - uncommit_free_chunks: 1.
 - use_allocation_guard: 0.
 - handle_deallocations: 1.


Internal statistics:

num_allocs_failed_limit: 6.
num_arena_births: 190.
num_arena_deaths: 0.
num_vsnodes_births: 2.
num_vsnodes_deaths: 0.
num_space_committed: 584.
num_space_uncommitted: 0.
num_chunks_returned_to_freelist: 6.
num_chunks_taken_from_freelist: 1496.
num_chunk_merges: 6.
num_chunk_splits: 1202.
num_chunks_enlarged: 1063.
num_inconsistent_stats: 0.

CodeHeap 'non-profiled nmethods': size=120000Kb used=1845Kb max_used=1845Kb free=118154Kb
 bounds [0x000002e5131a0000, 0x000002e513410000, 0x000002e51a6d0000]
CodeHeap 'profiled nmethods': size=120000Kb used=9150Kb max_used=9150Kb free=110849Kb
 bounds [0x000002e50b6d0000, 0x000002e50bfc0000, 0x000002e512c00000]
CodeHeap 'non-nmethods': size=5760Kb used=1265Kb max_used=1315Kb free=4494Kb
 bounds [0x000002e512c00000, 0x000002e512e70000, 0x000002e5131a0000]
 total_blobs=4956 nmethods=4380 adapters=488
 compilation: enabled
              stopped_count=0, restarted_count=0
 full_count=0

Compilation events (20 events):
Event: 9.148 Thread 0x000002e522b1c560 4414       1       org.jetbrains.kotlin.resolve.CompilerDeserializationConfiguration::getAllowUnstableDependencies (5 bytes)
Event: 9.148 Thread 0x000002e522b1c560 nmethod 4414 0x000002e51336d090 code [0x000002e51336d220, 0x000002e51336d2f8]
Event: 9.148 Thread 0x000002e522b1c560 4415       1       org.jetbrains.kotlin.serialization.deserialization.descriptors.DeserializedMemberScope$OptimizedImplementation::access$getPropertyProtosBytes$p (5 bytes)
Event: 9.148 Thread 0x000002e522b1c560 nmethod 4415 0x000002e51336d390 code [0x000002e51336d520, 0x000002e51336d5d8]
Event: 9.149 Thread 0x000002e522b1c560 4416       2       org.jetbrains.kotlin.config.AnalysisFlag::hashCode (8 bytes)
Event: 9.149 Thread 0x000002e522b1c560 nmethod 4416 0x000002e50bfbaf10 code [0x000002e50bfbb0a0, 0x000002e50bfbb1c8]
Event: 9.152 Thread 0x000002e522b1c560 4417       2       org.jetbrains.kotlin.metadata.ProtoBuf$Property::getTypeParameterCount (10 bytes)
Event: 9.152 Thread 0x000002e522b1c560 nmethod 4417 0x000002e50bfbb290 code [0x000002e50bfbb420, 0x000002e50bfbb548]
Event: 9.153 Thread 0x000002e522b1c560 4418       2       org.jetbrains.kotlin.metadata.jvm.JvmProtoBuf$JvmPropertySignature::getSerializedSize (140 bytes)
Event: 9.154 Thread 0x000002e522b1c560 nmethod 4418 0x000002e50bfbb610 code [0x000002e50bfbb880, 0x000002e50bfbbd98]
Event: 9.155 Thread 0x000002e522b1c560 4420       2       kotlin.sequences.SequencesKt___SequencesKt::mapNotNull (28 bytes)
Event: 9.156 Thread 0x000002e522b1c560 nmethod 4420 0x000002e50bfbc190 code [0x000002e50bfbc480, 0x000002e50bfbced8]
Event: 9.156 Thread 0x000002e522b1c560 4421       3       gnu.trove.THashIterator::nextIndex (62 bytes)
Event: 9.157 Thread 0x000002e522b1c560 nmethod 4421 0x000002e50bfbd510 code [0x000002e50bfbd6e0, 0x000002e50bfbdb88]
Event: 9.157 Thread 0x000002e522b1c560 4422       2       org.jetbrains.kotlin.serialization.deserialization.descriptors.DeserializedMemberScope$OptimizedImplementation::getVariableNames (17 bytes)
Event: 9.157 Thread 0x000002e522b1c560 nmethod 4422 0x000002e50bfbdd90 code [0x000002e50bfbdfc0, 0x000002e50bfbe4a8]
Event: 9.157 Thread 0x000002e522b1c560 4423       2       org.jetbrains.kotlin.load.java.lazy.descriptors.JvmPackageScope::getKotlinScopes (17 bytes)
Event: 9.158 Thread 0x000002e522b1c560 nmethod 4423 0x000002e50bfbe810 code [0x000002e50bfbea40, 0x000002e50bfbef28]
Event: 9.158 Thread 0x000002e522b1c560 4424   !   2       kotlin.jvm.internal.ArrayIterator::next (48 bytes)
Event: 9.158 Thread 0x000002e522b1c560 nmethod 4424 0x000002e50bfbf290 code [0x000002e50bfbf440, 0x000002e50bfbf698]

GC Heap History (16 events):
Event: 1.530 GC heap before
{Heap before GC invocations=0 (full 0):
 garbage-first heap   total 129024K, used 27648K [0x0000000082000000, 0x0000000100000000)
  region size 1024K, 23 young (23552K), 0 survivors (0K)
 Metaspace       used 7161K, committed 7296K, reserved 1114112K
  class space    used 752K, committed 832K, reserved 1048576K
}
Event: 1.535 GC heap after
{Heap after GC invocations=1 (full 0):
 garbage-first heap   total 129024K, used 7168K [0x0000000082000000, 0x0000000100000000)
  region size 1024K, 3 young (3072K), 3 survivors (3072K)
 Metaspace       used 7161K, committed 7296K, reserved 1114112K
  class space    used 752K, committed 832K, reserved 1048576K
}
Event: 2.594 GC heap before
{Heap before GC invocations=1 (full 0):
 garbage-first heap   total 129024K, used 43008K [0x0000000082000000, 0x0000000100000000)
  region size 1024K, 36 young (36864K), 3 survivors (3072K)
 Metaspace       used 15336K, committed 15616K, reserved 1114112K
  class space    used 2015K, committed 2112K, reserved 1048576K
}
Event: 2.609 GC heap after
{Heap after GC invocations=2 (full 0):
 garbage-first heap   total 129024K, used 12470K [0x0000000082000000, 0x0000000100000000)
  region size 1024K, 4 young (4096K), 4 survivors (4096K)
 Metaspace       used 15336K, committed 15616K, reserved 1114112K
  class space    used 2015K, committed 2112K, reserved 1048576K
}
Event: 4.251 GC heap before
{Heap before GC invocations=2 (full 0):
 garbage-first heap   total 129024K, used 44214K [0x0000000082000000, 0x0000000100000000)
  region size 1024K, 36 young (36864K), 4 survivors (4096K)
 Metaspace       used 21353K, committed 21504K, reserved 1114112K
  class space    used 2877K, committed 2944K, reserved 1048576K
}
Event: 4.270 GC heap after
{Heap after GC invocations=3 (full 0):
 garbage-first heap   total 129024K, used 14976K [0x0000000082000000, 0x0000000100000000)
  region size 1024K, 8 young (8192K), 8 survivors (8192K)
 Metaspace       used 21353K, committed 21504K, reserved 1114112K
  class space    used 2877K, committed 2944K, reserved 1048576K
}
Event: 5.521 GC heap before
{Heap before GC invocations=4 (full 0):
 garbage-first heap   total 55296K, used 39552K [0x0000000082000000, 0x0000000100000000)
  region size 1024K, 32 young (32768K), 8 survivors (8192K)
 Metaspace       used 26025K, committed 26240K, reserved 1114112K
  class space    used 3305K, committed 3392K, reserved 1048576K
}
Event: 5.542 GC heap after
{Heap after GC invocations=5 (full 0):
 garbage-first heap   total 55296K, used 17798K [0x0000000082000000, 0x0000000100000000)
  region size 1024K, 3 young (3072K), 3 survivors (3072K)
 Metaspace       used 26025K, committed 26240K, reserved 1114112K
  class space    used 3305K, committed 3392K, reserved 1048576K
}
Event: 5.569 GC heap before
{Heap before GC invocations=5 (full 0):
 garbage-first heap   total 55296K, used 18822K [0x0000000082000000, 0x0000000100000000)
  region size 1024K, 4 young (4096K), 3 survivors (3072K)
 Metaspace       used 26279K, committed 26432K, reserved 1114112K
  class space    used 3329K, committed 3392K, reserved 1048576K
}
Event: 5.578 GC heap after
{Heap after GC invocations=6 (full 0):
 garbage-first heap   total 55296K, used 18644K [0x0000000082000000, 0x0000000100000000)
  region size 1024K, 1 young (1024K), 1 survivors (1024K)
 Metaspace       used 26279K, committed 26432K, reserved 1114112K
  class space    used 3329K, committed 3392K, reserved 1048576K
}
Event: 6.701 GC heap before
{Heap before GC invocations=6 (full 0):
 garbage-first heap   total 55296K, used 39124K [0x0000000082000000, 0x0000000100000000)
  region size 1024K, 22 young (22528K), 1 survivors (1024K)
 Metaspace       used 30406K, committed 30592K, reserved 1114112K
  class space    used 3755K, committed 3840K, reserved 1048576K
}
Event: 6.719 GC heap after
{Heap after GC invocations=7 (full 0):
 garbage-first heap   total 100352K, used 20900K [0x0000000082000000, 0x0000000100000000)
  region size 1024K, 3 young (3072K), 3 survivors (3072K)
 Metaspace       used 30406K, committed 30592K, reserved 1114112K
  class space    used 3755K, committed 3840K, reserved 1048576K
}
Event: 8.434 GC heap before
{Heap before GC invocations=7 (full 0):
 garbage-first heap   total 100352K, used 75172K [0x0000000082000000, 0x0000000100000000)
  region size 1024K, 53 young (54272K), 3 survivors (3072K)
 Metaspace       used 35529K, committed 35712K, reserved 1114112K
  class space    used 4303K, committed 4416K, reserved 1048576K
}
Event: 8.460 GC heap after
{Heap after GC invocations=8 (full 0):
 garbage-first heap   total 100352K, used 28447K [0x0000000082000000, 0x0000000100000000)
  region size 1024K, 7 young (7168K), 7 survivors (7168K)
 Metaspace       used 35529K, committed 35712K, reserved 1114112K
  class space    used 4303K, committed 4416K, reserved 1048576K
}
Event: 8.786 GC heap before
{Heap before GC invocations=8 (full 0):
 garbage-first heap   total 100352K, used 31519K [0x0000000082000000, 0x0000000100000000)
  region size 1024K, 11 young (11264K), 7 survivors (7168K)
 Metaspace       used 36053K, committed 36288K, reserved 1114112K
  class space    used 4359K, committed 4480K, reserved 1048576K
}
Event: 8.806 GC heap after
{Heap after GC invocations=9 (full 0):
 garbage-first heap   total 100352K, used 29659K [0x0000000082000000, 0x0000000100000000)
  region size 1024K, 1 young (1024K), 1 survivors (1024K)
 Metaspace       used 36053K, committed 36288K, reserved 1114112K
  class space    used 4359K, committed 4480K, reserved 1048576K
}

Dll operation events (7 events):
Event: 0.010 Loaded shared library C:\Program Files\Microsoft\jdk-17.0.11.9-hotspot\bin\java.dll
Event: 0.039 Loaded shared library C:\Program Files\Microsoft\jdk-17.0.11.9-hotspot\bin\jsvml.dll
Event: 0.110 Loaded shared library C:\Program Files\Microsoft\jdk-17.0.11.9-hotspot\bin\net.dll
Event: 0.111 Loaded shared library C:\Program Files\Microsoft\jdk-17.0.11.9-hotspot\bin\nio.dll
Event: 0.196 Loaded shared library C:\Program Files\Microsoft\jdk-17.0.11.9-hotspot\bin\zip.dll
Event: 0.318 Loaded shared library C:\Program Files\Microsoft\jdk-17.0.11.9-hotspot\bin\jimage.dll
Event: 2.029 Loaded shared library C:\Program Files\Microsoft\jdk-17.0.11.9-hotspot\bin\verify.dll

Deoptimization events (20 events):
Event: 8.688 Thread 0x000002e5023b0e30 Uncommon trap: trap_request=0xffffff45 fr.pc=0x000002e5133120a0 relative=0x0000000000001f00
Event: 8.688 Thread 0x000002e5023b0e30 Uncommon trap: reason=unstable_if action=reinterpret pc=0x000002e5133120a0 method=java.util.HashMap.putVal(ILjava/lang/Object;Ljava/lang/Object;ZZ)Ljava/lang/Object; @ 94 c2
Event: 8.688 Thread 0x000002e5023b0e30 DEOPT PACKING pc=0x000002e5133120a0 sp=0x000000ed00ffc370
Event: 8.688 Thread 0x000002e5023b0e30 DEOPT UNPACKING pc=0x000002e512c569a3 sp=0x000000ed00ffc230 mode 2
Event: 8.688 Thread 0x000002e5023b0e30 Uncommon trap: trap_request=0xffffff45 fr.pc=0x000002e51330efbc relative=0x0000000000000abc
Event: 8.688 Thread 0x000002e5023b0e30 Uncommon trap: reason=unstable_if action=reinterpret pc=0x000002e51330efbc method=java.util.HashMap.putVal(ILjava/lang/Object;Ljava/lang/Object;ZZ)Ljava/lang/Object; @ 94 c2
Event: 8.688 Thread 0x000002e5023b0e30 DEOPT PACKING pc=0x000002e51330efbc sp=0x000000ed00ffc2a0
Event: 8.688 Thread 0x000002e5023b0e30 DEOPT UNPACKING pc=0x000002e512c569a3 sp=0x000000ed00ffc238 mode 2
Event: 8.717 Thread 0x000002e5023b0e30 Uncommon trap: trap_request=0xffffffde fr.pc=0x000002e5132c4ad8 relative=0x00000000000003f8
Event: 8.717 Thread 0x000002e5023b0e30 Uncommon trap: reason=class_check action=maybe_recompile pc=0x000002e5132c4ad8 method=org.jetbrains.kotlin.com.intellij.psi.impl.source.tree.TreeElement.rawRemoveUpToWithoutNotifications(Lorg/jetbrains/kotlin/com/intellij/psi/impl/source/tree/TreeElement;
Event: 8.717 Thread 0x000002e5023b0e30 DEOPT PACKING pc=0x000002e5132c4ad8 sp=0x000000ed00ffcf50
Event: 8.717 Thread 0x000002e5023b0e30 DEOPT UNPACKING pc=0x000002e512c569a3 sp=0x000000ed00ffcef0 mode 2
Event: 8.893 Thread 0x000002e5023b0e30 Uncommon trap: trap_request=0xffffff45 fr.pc=0x000002e5132f399c relative=0x0000000000000c9c
Event: 8.893 Thread 0x000002e5023b0e30 Uncommon trap: reason=unstable_if action=reinterpret pc=0x000002e5132f399c method=org.jetbrains.kotlin.metadata.ProtoBuf$Type.getSerializedSize()I @ 176 c2
Event: 8.893 Thread 0x000002e5023b0e30 DEOPT PACKING pc=0x000002e5132f399c sp=0x000000ed00ffc240
Event: 8.893 Thread 0x000002e5023b0e30 DEOPT UNPACKING pc=0x000002e512c569a3 sp=0x000000ed00ffc200 mode 2
Event: 8.907 Thread 0x000002e5023b0e30 Uncommon trap: trap_request=0xffffff45 fr.pc=0x000002e51331dbd0 relative=0x0000000000000230
Event: 8.907 Thread 0x000002e5023b0e30 Uncommon trap: reason=unstable_if action=reinterpret pc=0x000002e51331dbd0 method=org.jetbrains.kotlin.name.Name.hashCode()I @ 16 c2
Event: 8.907 Thread 0x000002e5023b0e30 DEOPT PACKING pc=0x000002e51331dbd0 sp=0x000000ed00ffd690
Event: 8.907 Thread 0x000002e5023b0e30 DEOPT UNPACKING pc=0x000002e512c569a3 sp=0x000000ed00ffd628 mode 2

Classes unloaded (0 events):
No events

Classes redefined (0 events):
No events

Internal exceptions (20 events):
Event: 1.779 Thread 0x000002e5023b0e30 Exception <a 'java/lang/NoSuchMethodError'{0x0000000089985790}: 'int java.lang.invoke.DirectMethodHandle$Holder.invokeStaticInit(java.lang.Object, java.lang.Object)'> (0x0000000089985790) 
thrown [s\src\hotspot\share\interpreter\linkResolver.cpp, line 759]
Event: 1.804 Thread 0x000002e5023b0e30 Exception <a 'java/lang/NoSuchMethodError'{0x0000000089864790}: 'void java.lang.invoke.DirectMethodHandle$Holder.invokeSpecial(java.lang.Object, java.lang.Object, java.lang.Object)'> (0x0000000089864790) 
thrown [s\src\hotspot\share\interpreter\linkResolver.cpp, line 759]
Event: 1.901 Thread 0x000002e5023b0e30 Exception <a 'java/lang/NoSuchMethodError'{0x0000000089589448}: 'void java.lang.invoke.DirectMethodHandle$Holder.invokeStatic(java.lang.Object, java.lang.Object, java.lang.Object, java.lang.Object)'> (0x0000000089589448) 
thrown [s\src\hotspot\share\interpreter\linkResolver.cpp, line 759]
Event: 1.985 Thread 0x000002e5023b0e30 Exception <a 'java/lang/NoSuchMethodError'{0x000000008914dc28}: 'void java.lang.invoke.DirectMethodHandle$Holder.invokeStaticInit(java.lang.Object, java.lang.Object)'> (0x000000008914dc28) 
thrown [s\src\hotspot\share\interpreter\linkResolver.cpp, line 759]
Event: 2.109 Thread 0x000002e5023b0e30 Exception <a 'java/lang/NoSuchMethodError'{0x0000000088c0e2c0}: 'void java.lang.invoke.DirectMethodHandle$Holder.invokeVirtual(java.lang.Object, java.lang.Object)'> (0x0000000088c0e2c0) 
thrown [s\src\hotspot\share\interpreter\linkResolver.cpp, line 759]
Event: 2.119 Thread 0x000002e5023b0e30 Exception <a 'java/lang/NoSuchMethodError'{0x0000000088c89b88}: 'int java.lang.invoke.DirectMethodHandle$Holder.invokeVirtual(java.lang.Object, java.lang.Object)'> (0x0000000088c89b88) 
thrown [s\src\hotspot\share\interpreter\linkResolver.cpp, line 759]
Event: 2.141 Thread 0x000002e5023b0e30 Exception <a 'java/lang/NoSuchMethodError'{0x0000000088b44fb0}: 'java.lang.Object java.lang.invoke.Invokers$Holder.invokeExact_MT(java.lang.Object, java.lang.Object, java.lang.Object, java.lang.Object, java.lang.Object, java.lang.Object)'> (0x0000000088b44fb0) 
thrown [s\src\hotspot\share\interpreter\linkResolver.cpp, line 759]
Event: 3.413 Thread 0x000002e5023b0e30 Implicit null exception at 0x000002e5131c5972 to 0x000002e5131c5f8c
Event: 3.739 Thread 0x000002e5023b0e30 Implicit null exception at 0x000002e5131cbdf2 to 0x000002e5131cc42c
Event: 3.921 Thread 0x000002e5023b0e30 Exception <a 'java/lang/NoSuchMethodError'{0x000000008847af18}: 'java.lang.Object java.lang.invoke.DirectMethodHandle$Holder.invokeVirtual(java.lang.Object, java.lang.Object, java.lang.Object)'> (0x000000008847af18) 
thrown [s\src\hotspot\share\interpreter\linkResolver.cpp, line 759]
Event: 6.046 Thread 0x000002e5023b0e30 Exception <a 'java/lang/NoSuchMethodError'{0x0000000084aadef8}: 'java.lang.Object java.lang.invoke.DirectMethodHandle$Holder.newInvokeSpecial(java.lang.Object, java.lang.Object, int)'> (0x0000000084aadef8) 
thrown [s\src\hotspot\share\interpreter\linkResolver.cpp, line 759]
Event: 6.172 Thread 0x000002e5023b0e30 Implicit null exception at 0x000002e5132a07f1 to 0x000002e5132a0990
Event: 6.199 Thread 0x000002e5023b0e30 Implicit null exception at 0x000002e5132a0ed3 to 0x000002e5132a0fe8
Event: 6.272 Thread 0x000002e5023b0e30 Implicit null exception at 0x000002e5132a384c to 0x000002e5132a3940
Event: 6.664 Thread 0x000002e5023b0e30 Exception <a 'java/lang/NoSuchMethodError'{0x00000000841d5290}: 'java.lang.Object java.lang.invoke.DirectMethodHandle$Holder.newInvokeSpecial(java.lang.Object, java.lang.Object, java.lang.Object, int)'> (0x00000000841d5290) 
thrown [s\src\hotspot\share\interpreter\linkResolver.cpp, line 759]
Event: 6.665 Thread 0x000002e5023b0e30 Exception <a 'java/lang/NoSuchMethodError'{0x00000000841d9918}: 'java.lang.Object java.lang.invoke.DirectMethodHandle$Holder.invokeSpecial(java.lang.Object, java.lang.Object, java.lang.Object, java.lang.Object, int)'> (0x00000000841d9918) 
thrown [s\src\hotspot\share\interpreter\linkResolver.cpp, line 759]
Event: 6.666 Thread 0x000002e5023b0e30 Exception <a 'java/lang/NoSuchMethodError'{0x00000000841dd788}: 'java.lang.Object java.lang.invoke.Invokers$Holder.linkToTargetMethod(java.lang.Object, java.lang.Object, int, java.lang.Object)'> (0x00000000841dd788) 
thrown [s\src\hotspot\share\interpreter\linkResolver.cpp, line 759]
Event: 8.094 Thread 0x000002e5023b0e30 Exception <a 'java/lang/NoSuchMethodError'{0x0000000085476888}: 'java.lang.Object java.lang.invoke.DirectMethodHandle$Holder.invokeSpecial(java.lang.Object, java.lang.Object, java.lang.Object, java.lang.Object, java.lang.Object, java.lang.Object, int)'> (0x0000000085476888) 
thrown [s\src\hotspot\share\interpreter\linkResolver.cpp, line 759]
Event: 8.096 Thread 0x000002e5023b0e30 Exception <a 'java/lang/NoSuchMethodError'{0x0000000085480918}: 'java.lang.Object java.lang.invoke.DirectMethodHandle$Holder.newInvokeSpecial(java.lang.Object, java.lang.Object, java.lang.Object, java.lang.Object, java.lang.Object, java.lang.Object)'> (0x0000000085480918) 
thrown [s\src\hotspot\share\interpreter\linkResolver.cpp, line 759]
Event: 8.904 Thread 0x000002e5023b0e30 Exception <a 'java/lang/NoSuchMethodError'{0x00000000880a4af0}: 'java.lang.Object java.lang.invoke.DirectMethodHandle$Holder.newInvokeSpecial(java.lang.Object, java.lang.Object, java.lang.Object, java.lang.Object, java.lang.Object)'> (0x00000000880a4af0) 
thrown [s\src\hotspot\share\interpreter\linkResolver.cpp, line 759]

VM Operations (20 events):
Event: 7.707 Executing VM operation: HandshakeAllThreads
Event: 7.707 Executing VM operation: HandshakeAllThreads done
Event: 7.799 Executing VM operation: ICBufferFull
Event: 7.800 Executing VM operation: ICBufferFull done
Event: 8.128 Executing VM operation: ICBufferFull
Event: 8.128 Executing VM operation: ICBufferFull done
Event: 8.417 Executing VM operation: ICBufferFull
Event: 8.417 Executing VM operation: ICBufferFull done
Event: 8.433 Executing VM operation: HandshakeAllThreads
Event: 8.433 Executing VM operation: HandshakeAllThreads done
Event: 8.434 Executing VM operation: G1CollectForAllocation
Event: 8.461 Executing VM operation: G1CollectForAllocation done
Event: 8.786 Executing VM operation: CollectForMetadataAllocation
Event: 8.807 Executing VM operation: CollectForMetadataAllocation done
Event: 8.821 Executing VM operation: HandshakeAllThreads
Event: 8.821 Executing VM operation: HandshakeAllThreads done
Event: 8.834 Executing VM operation: G1PauseRemark
Event: 8.843 Executing VM operation: G1PauseRemark done
Event: 8.870 Executing VM operation: G1PauseCleanup
Event: 8.887 Executing VM operation: G1PauseCleanup done

Events (20 events):
Event: 6.845 loading class java/lang/Override done
Event: 6.976 loading class java/util/AbstractList$ListItr
Event: 6.977 loading class java/util/AbstractList$ListItr done
Event: 6.979 Thread 0x000002e568e1fef0 Thread added: 0x000002e568e1fef0
Event: 7.019 loading class java/io/InvalidObjectException
Event: 7.019 loading class java/io/InvalidObjectException done
Event: 7.034 loading class java/util/ArrayList$SubList$1
Event: 7.034 loading class java/util/ArrayList$SubList$1 done
Event: 7.191 loading class java/util/AbstractList$SubList$1
Event: 7.191 loading class java/util/AbstractList$SubList$1 done
Event: 7.412 loading class java/util/stream/IntPipeline$1
Event: 7.412 loading class java/util/stream/IntPipeline$1 done
Event: 7.414 loading class java/util/stream/IntPipeline$1$1
Event: 7.414 loading class java/util/stream/IntPipeline$1$1 done
Event: 7.507 loading class java/text/StringCharacterIterator
Event: 7.507 loading class java/text/CharacterIterator
Event: 7.508 loading class java/text/CharacterIterator done
Event: 7.508 loading class java/text/StringCharacterIterator done
Event: 8.102 loading class java/util/RegularEnumSet$EnumSetIterator
Event: 8.104 loading class java/util/RegularEnumSet$EnumSetIterator done


Dynamic libraries:
0x00007ff618c40000 - 0x00007ff618c4e000 	C:\Program Files\Microsoft\jdk-17.0.11.9-hotspot\bin\java.exe
0x00007ffeaae30000 - 0x00007ffeab047000 	C:\Windows\SYSTEM32\ntdll.dll
0x00007ffea9170000 - 0x00007ffea9234000 	C:\Windows\System32\KERNEL32.DLL
0x00007ffea8710000 - 0x00007ffea8abd000 	C:\Windows\System32\KERNELBASE.dll
0x00007ffea8530000 - 0x00007ffea8641000 	C:\Windows\System32\ucrtbase.dll
0x00007ffea5370000 - 0x00007ffea5387000 	C:\Program Files\Microsoft\jdk-17.0.11.9-hotspot\bin\jli.dll
0x00007ffea53b0000 - 0x00007ffea53cb000 	C:\Program Files\Microsoft\jdk-17.0.11.9-hotspot\bin\VCRUNTIME140.dll
0x00007ffeaac40000 - 0x00007ffeaadee000 	C:\Windows\System32\USER32.dll
0x00007ffe85550000 - 0x00007ffe857e3000 	C:\Windows\WinSxS\amd64_microsoft.windows.common-controls_6595b64144ccf1df_6.0.22621.3672_none_2713b9d173822955\COMCTL32.dll
0x00007ffea81d0000 - 0x00007ffea81f6000 	C:\Windows\System32\win32u.dll
0x00007ffea8c40000 - 0x00007ffea8ce7000 	C:\Windows\System32\msvcrt.dll
0x00007ffea93c0000 - 0x00007ffea93e9000 	C:\Windows\System32\GDI32.dll
0x00007ffea83e0000 - 0x00007ffea84f9000 	C:\Windows\System32\gdi32full.dll
0x00007ffea8ac0000 - 0x00007ffea8b5a000 	C:\Windows\System32\msvcp_win.dll
0x00007ffea9f00000 - 0x00007ffea9f31000 	C:\Windows\System32\IMM32.DLL
0x00007ffea5220000 - 0x00007ffea522c000 	C:\Program Files\Microsoft\jdk-17.0.11.9-hotspot\bin\vcruntime140_1.dll
0x00007ffe7d930000 - 0x00007ffe7d9bd000 	C:\Program Files\Microsoft\jdk-17.0.11.9-hotspot\bin\msvcp140.dll
0x00007ffe07930000 - 0x00007ffe08596000 	C:\Program Files\Microsoft\jdk-17.0.11.9-hotspot\bin\server\jvm.dll
0x00007ffeaab80000 - 0x00007ffeaac32000 	C:\Windows\System32\ADVAPI32.dll
0x00007ffeaaad0000 - 0x00007ffeaab79000 	C:\Windows\System32\sechost.dll
0x00007ffea8500000 - 0x00007ffea8528000 	C:\Windows\System32\bcrypt.dll
0x00007ffea95e0000 - 0x00007ffea96f4000 	C:\Windows\System32\RPCRT4.dll
0x00007ffea8020000 - 0x00007ffea806d000 	C:\Windows\SYSTEM32\POWRPROF.dll
0x00007ffe8f810000 - 0x00007ffe8f819000 	C:\Windows\SYSTEM32\WSOCK32.dll
0x00007ffea0ad0000 - 0x00007ffea0b04000 	C:\Windows\SYSTEM32\WINMM.dll
0x00007ffeaa170000 - 0x00007ffeaa1e1000 	C:\Windows\System32\WS2_32.dll
0x00007ffea0f60000 - 0x00007ffea0f6a000 	C:\Windows\SYSTEM32\VERSION.dll
0x00007ffea8000000 - 0x00007ffea8013000 	C:\Windows\SYSTEM32\UMPDC.dll
0x00007ffea71a0000 - 0x00007ffea71b8000 	C:\Windows\SYSTEM32\kernel.appcore.dll
0x00007ffea5210000 - 0x00007ffea521a000 	C:\Program Files\Microsoft\jdk-17.0.11.9-hotspot\bin\jimage.dll
0x00007ffe8cd20000 - 0x00007ffe8cf52000 	C:\Windows\SYSTEM32\DBGHELP.DLL
0x00007ffea9700000 - 0x00007ffea9a8e000 	C:\Windows\System32\combase.dll
0x00007ffea9c50000 - 0x00007ffea9d27000 	C:\Windows\System32\OLEAUT32.dll
0x00007ffe79c00000 - 0x00007ffe79c32000 	C:\Windows\SYSTEM32\dbgcore.DLL
0x00007ffea8150000 - 0x00007ffea81cb000 	C:\Windows\System32\bcryptPrimitives.dll
0x00007ffe8b4b0000 - 0x00007ffe8b4d5000 	C:\Program Files\Microsoft\jdk-17.0.11.9-hotspot\bin\java.dll
0x00007ffe7d850000 - 0x00007ffe7d927000 	C:\Program Files\Microsoft\jdk-17.0.11.9-hotspot\bin\jsvml.dll
0x00007ffeaa1f0000 - 0x00007ffeaaa57000 	C:\Windows\System32\SHELL32.dll
0x00007ffea60c0000 - 0x00007ffea69bf000 	C:\Windows\SYSTEM32\windows.storage.dll
0x00007ffea5f80000 - 0x00007ffea60bf000 	C:\Windows\SYSTEM32\wintypes.dll
0x00007ffea93f0000 - 0x00007ffea94e9000 	C:\Windows\System32\SHCORE.dll
0x00007ffea94f0000 - 0x00007ffea954e000 	C:\Windows\System32\shlwapi.dll
0x00007ffea8080000 - 0x00007ffea80a7000 	C:\Windows\SYSTEM32\profapi.dll
0x00007ffea3b30000 - 0x00007ffea3b49000 	C:\Program Files\Microsoft\jdk-17.0.11.9-hotspot\bin\net.dll
0x00007ffea0db0000 - 0x00007ffea0ee6000 	C:\Windows\SYSTEM32\WINHTTP.dll
0x00007ffea7610000 - 0x00007ffea7679000 	C:\Windows\system32\mswsock.dll
0x00007ffea1c10000 - 0x00007ffea1c26000 	C:\Program Files\Microsoft\jdk-17.0.11.9-hotspot\bin\nio.dll
0x00007ffe8b9a0000 - 0x00007ffe8b9b8000 	C:\Program Files\Microsoft\jdk-17.0.11.9-hotspot\bin\zip.dll
0x00007ffea51d0000 - 0x00007ffea51e0000 	C:\Program Files\Microsoft\jdk-17.0.11.9-hotspot\bin\verify.dll

dbghelp: loaded successfully - version: 4.0.5 - missing functions: none
symbol engine: initialized successfully - sym options: 0x614 - pdb path: .;C:\Program Files\Microsoft\jdk-17.0.11.9-hotspot\bin;C:\Windows\SYSTEM32;C:\Windows\WinSxS\amd64_microsoft.windows.common-controls_6595b64144ccf1df_6.0.22621.3672_none_2713b9d173822955;C:\Program Files\Microsoft\jdk-17.0.11.9-hotspot\bin\server

VM Arguments:
java_command: org.jetbrains.kotlin.cli.jvm.K2JVMCompiler @C:\Users\Bruno\Videos\app_graal\app_graal\node_modules\react-native-vision-camera\android\build\20241003_10055705245441934286.compiler.options
java_class_path (initial): C:\Users\Bruno\.gradle\caches\modules-2\files-2.1\org.jetbrains.kotlin\kotlin-compiler-embeddable\1.9.24\78dab849090e6c5e2eadb6e59a11cdc28fb67a08\kotlin-compiler-embeddable-1.9.24.jar;C:\Users\Bruno\.gradle\caches\modules-2\files-2.1\org.jetbrains.kotlin\kotlin-stdlib\1.9.24\9928532f12c66ad816a625b3f9984f8368ca6d2b\kotlin-stdlib-1.9.24.jar;C:\Users\Bruno\.gradle\caches\modules-2\files-2.1\org.jetbrains.kotlin\kotlin-script-runtime\1.9.24\96771497da90fbc5af1c90fce148db2595a62502\kotlin-script-runtime-1.9.24.jar;C:\Users\Bruno\.gradle\caches\modules-2\files-2.1\org.jetbrains.kotlin\kotlin-reflect\1.6.10\1cbe9c92c12a94eea200d23c2bbaedaf3daf5132\kotlin-reflect-1.6.10.jar;C:\Users\Bruno\.gradle\caches\modules-2\files-2.1\org.jetbrains.kotlin\kotlin-daemon-embeddable\1.9.24\86685b9c5e8d170925bd9ddbdc263374a6a73281\kotlin-daemon-embeddable-1.9.24.jar;C:\Users\Bruno\.gradle\caches\modules-2\files-2.1\org.jetbrains.intellij.deps\trove4j\1.0.20200330\3afb14d5f9ceb459d724e907a21145e8ff394f02\trove4j-1.0.20200330.jar;C:\Users\Bruno\.gradle\caches\modules-2\files-2.1\org.jetbrains\annotations\13.0\919f0dfe192fb4e063e7dacadee7f8bb9a2672a9\annotations-13.0.jar
Launcher Type: SUN_STANDARD

[Global flags]
     intx CICompilerCount                          = 4                                         {product} {ergonomic}
     uint ConcGCThreads                            = 3                                         {product} {ergonomic}
     uint G1ConcRefinementThreads                  = 10                                        {product} {ergonomic}
   size_t G1HeapRegionSize                         = 1048576                                   {product} {ergonomic}
    uintx GCDrainStackTargetSize                   = 64                                        {product} {ergonomic}
   size_t InitialHeapSize                          = 132120576                                 {product} {ergonomic}
   size_t MarkStackSize                            = 4194304                                   {product} {ergonomic}
   size_t MaxHeapSize                              = 2113929216                                {product} {ergonomic}
   size_t MaxNewSize                               = 1267728384                                {product} {ergonomic}
   size_t MinHeapDeltaBytes                        = 1048576                                   {product} {ergonomic}
   size_t MinHeapSize                              = 8388608                                   {product} {ergonomic}
    uintx NonNMethodCodeHeapSize                   = 5839372                                {pd product} {ergonomic}
    uintx NonProfiledCodeHeapSize                  = 122909434                              {pd product} {ergonomic}
    uintx ProfiledCodeHeapSize                     = 122909434                              {pd product} {ergonomic}
    uintx ReservedCodeCacheSize                    = 251658240                              {pd product} {ergonomic}
     bool SegmentedCodeCache                       = true                                      {product} {ergonomic}
   size_t SoftMaxHeapSize                          = 2113929216                             {manageable} {ergonomic}
     bool UseCompressedClassPointers               = true                           {product lp64_product} {ergonomic}
     bool UseCompressedOops                        = true                           {product lp64_product} {ergonomic}
     bool UseG1GC                                  = true                                      {product} {ergonomic}
     bool UseLargePagesIndividualAllocation        = false                                  {pd product} {ergonomic}

Logging:
Log output configuration:
 #0: stdout all=warning uptime,level,tags
 #1: stderr all=off uptime,level,tags

Environment Variables:
JAVA_HOME=C:\Program Files\Microsoft\jdk-17.0.11.9-hotspot\
CLASSPATH=C:\Users\Bruno\Videos\app_graal\app_graal\android\\gradle\wrapper\gradle-wrapper.jar
PATH=C:\Program Files\Microsoft\jdk-17.0.11.9-hotspot\bin;C:\Program Files\Microsoft\jdk-21.0.3.9-hotspot\bin;C:\Program Files\Common Files\Oracle\Java\javapath;C:\Program Files\OpenJDK\jdk-11.0.15.10-hotspot\bin;C:\Windows\system32;C:\Windows;C:\Windows\System32\Wbem;C:\Windows\System32\WindowsPowerShell\v1.0\;C:\Windows\System32\OpenSSH\;C:\Program Files\Microsoft SQL Server\150\Tools\Binn\;C:\Program Files\Microsoft SQL Server\Client SDK\ODBC\170\Tools\Binn\;C:\Program Files\dotnet\;C:\Program Files\Git\cmd;C:\Users\Bruno\AppData\Roaming\nvm;C:\Program Files\nodejs;C:\maven\bin;C:\Program Files\PuTTY\;C:\Program Files\PostgreSQL\14\bin;C:\Program Files\Docker\Docker\resources\bin;C:\ProgramData\DockerDesktop\version-bin;C:\ProgramData\chocolatey\bin;;C:\Windows\system32;C:\Windows;C:\Windows\System32\Wbem;C:\Windows\System32\WindowsPowerShell\v1.0\;C:\Windows\System32\OpenSSH\;C:\Program Files (x86)\Microsoft SQL Server\150\Tools\Binn\;C:\Program Files\Microsoft SQL Server\150\DTS\Binn\;C:\Program Files\Microsoft SQL Server\Client SDK\ODBC\110\Tools\Binn\;C:\Program Files (x86)\Microsoft SQL Server\120\Tools\Binn\;C:\Program Files\Microsoft SQL Server\120\Tools\Binn\;C:\Program Files\Microsoft SQL Server\120\DTS\Binn\;C:\Program Files\TortoiseSVN\bin;C:\Users\Bruno\AppData\Local\Android\Sdk\tools;C:\Users\Bruno\AppData\Local\Microsoft\WindowsApps;C:\Users\Bruno\.dotnet\tools;C:\Users\Bruno\AppData\Local\Programs\Microsoft VS Code\bin;C:\Users\Bruno\AppData\Roaming\npm;C:\Users\Bruno\AppData\Roaming\nvm;C:\Program Files\nodejs;C:\Users\Bruno\AppData\Local\Android\Sdk\platform-tools;
USERNAME=Bruno
LANG=en_US.UTF-8
OS=Windows_NT
PROCESSOR_IDENTIFIER=Intel64 Family 6 Model 158 Stepping 10, GenuineIntel
TMP=C:\Users\Bruno\AppData\Local\Temp
TEMP=C:\Users\Bruno\AppData\Local\Temp



Periodic native trim disabled


---------------  S Y S T E M  ---------------

OS:
 Windows 11 , 64 bit Build 22621 (10.0.22621.3958)
OS uptime: 4 days 0:59 hours
Hyper-V role detected

CPU: total 12 (initial active 12) (6 cores per cpu, 2 threads per core) family 6 model 158 stepping 10 microcode 0xf0, cx8, cmov, fxsr, ht, mmx, 3dnowpref, sse, sse2, sse3, ssse3, sse4.1, sse4.2, popcnt, lzcnt, tsc, tscinvbit, avx, avx2, aes, erms, clmul, bmi1, bmi2, adx, fma, vzeroupper, clflush, clflushopt, hv
Processor Information for all 12 processors :
  Max Mhz: 2592, Current Mhz: 2592, Mhz Limit: 2592

Memory: 4k page, system-wide physical 8062M (219M free)
TotalPageFile size 16255M (AvailPageFile size 0M)
current process WorkingSet (physical memory assigned to process): 257M, peak: 257M
current process commit charge ("private bytes"): 305M, peak: 306M

vm_info: OpenJDK 64-Bit Server VM (17.0.11+9-LTS) for windows-amd64 JRE (17.0.11+9-LTS), built on Apr  9 2024 22:05:54 by "MicrosoftCorporation" with MS VC++ 16.10 / 16.11 (VS2019)

END.
