#
# There is insufficient memory for the Java Runtime Environment to continue.
# Native memory allocation (mmap) failed to map 132120576 bytes. Error detail: G1 virtual space
# Possible reasons:
#   The system is out of physical RAM or swap space
#   This process is running with CompressedOops enabled, and the Java Heap may be blocking the growth of the native heap
# Possible solutions:
#   Reduce memory load on the system
#   Increase physical memory or swap space
#   Check if swap backing store is full
#   Decrease Java heap size (-Xmx/-Xms)
#   Decrease number of Java threads
#   Decrease Java thread stack sizes (-Xss)
#   Set larger code cache with -XX:ReservedCodeCacheSize=
#   JVM is running with Unscaled Compressed Oops mode in which the Java heap is
#     placed in the first 4GB address space. The Java Heap base address is the
#     maximum limit for the native heap growth. Please use -XX:HeapBaseMinAddress
#     to set the Java Heap base and to place the Java Heap above 4GB virtual address.
# This output file may be truncated or incomplete.
#
#  Out of Memory Error (os_windows.cpp:3613), pid=11484, tid=18644
#
# JRE version:  (17.0.11+9) (build )
# Java VM: OpenJDK 64-Bit Server VM (17.0.11+9-LTS, mixed mode, sharing, tiered, compressed oops, compressed class ptrs, g1 gc, windows-amd64)
# No core dump will be written. Minidumps are not enabled by default on client versions of Windows
#

---------------  S U M M A R Y ------------

Command Line: org.jetbrains.kotlin.cli.jvm.K2JVMCompiler @C:\Users\Bruno\Videos\app_graal\app_graal\node_modules\@react-native\gradle-plugin\shared\build\20241003_10491742331666816028.compiler.options

Host: Intel(R) Core(TM) i7-9750H CPU @ 2.60GHz, 12 cores, 7G,  Windows 11 , 64 bit Build 22621 (10.0.22621.3958)
Time: Thu Oct  3 15:36:48 2024 Hora oficial do Brasil elapsed time: 0.015448 seconds (0d 0h 0m 0s)

---------------  T H R E A D  ---------------

Current thread (0x00000254eeda3fb0):  JavaThread "Unknown thread" [_thread_in_vm, id=18644, stack(0x0000007b5f700000,0x0000007b5f800000)]

Stack: [0x0000007b5f700000,0x0000007b5f800000]
Native frames: (J=compiled Java code, j=interpreted, Vv=VM code, C=native code)
V  [jvm.dll+0x67f6d9]
V  [jvm.dll+0x83773a]
V  [jvm.dll+0x8391fe]
V  [jvm.dll+0x839863]
V  [jvm.dll+0x247fbf]
V  [jvm.dll+0x67c519]
V  [jvm.dll+0x670f8a]
V  [jvm.dll+0x309bdb]
V  [jvm.dll+0x311086]
V  [jvm.dll+0x360a6e]
V  [jvm.dll+0x360c9f]
V  [jvm.dll+0x2e0928]
V  [jvm.dll+0x2e1894]
V  [jvm.dll+0x8090e1]
V  [jvm.dll+0x36e7c1]
V  [jvm.dll+0x7e7b06]
V  [jvm.dll+0x3f202f]
V  [jvm.dll+0x3f3b81]
C  [jli.dll+0x528f]
C  [ucrtbase.dll+0x29333]
C  [KERNEL32.DLL+0x1257d]
C  [ntdll.dll+0x5af28]


---------------  P R O C E S S  ---------------

Threads class SMR info:
_java_thread_list=0x00007ffe08462f18, length=0, elements={
}

Java Threads: ( => current thread )

Other Threads:
  0x00000254eedffb00 GCTaskThread "GC Thread#0" [stack: 0x0000007b5f800000,0x0000007b5f900000] [id=27568]
  0x00000254eee10650 ConcurrentGCThread "G1 Main Marker" [stack: 0x0000007b5f900000,0x0000007b5fa00000] [id=27792]
  0x00000254eee12080 ConcurrentGCThread "G1 Conc#0" [stack: 0x0000007b5fa00000,0x0000007b5fb00000] [id=20608]

[error occurred during error reporting (printing all threads), id 0xc0000005, EXCEPTION_ACCESS_VIOLATION (0xc0000005) at pc=0x00007ffe07c21367]

VM state: not at safepoint (not fully initialized)

VM Mutex/Monitor currently owned by a thread:  ([mutex/lock_event])
[0x00000254eed9db10] Heap_lock - owner thread: 0x00000254eeda3fb0

Heap address: 0x0000000082000000, size: 2016 MB, Compressed Oops mode: 32-bit

CDS archive(s) mapped at: [0x0000000000000000-0x0000000000000000-0x0000000000000000), size 0, SharedBaseAddress: 0x0000000800000000, ArchiveRelocationMode: 1.
Narrow klass base: 0x0000000000000000, Narrow klass shift: 0, Narrow klass range: 0x0

GC Precious Log:
<Empty>

Heap:
 garbage-first heap   total 0K, used 0K [0x0000000082000000, 0x0000000100000000)
  region size 1024K, 0 young (0K), 0 survivors (0K)

[error occurred during error reporting (printing heap information), id 0xc0000005, EXCEPTION_ACCESS_VIOLATION (0xc0000005) at pc=0x00007ffe08009a59]

GC Heap History (0 events):
No events

Dll operation events (1 events):
Event: 0.011 Loaded shared library C:\Program Files\Microsoft\jdk-17.0.11.9-hotspot\bin\java.dll

Deoptimization events (0 events):
No events

Classes unloaded (0 events):
No events

Classes redefined (0 events):
No events

Internal exceptions (0 events):
No events

VM Operations (0 events):
No events

Events (0 events):
No events


Dynamic libraries:
0x00007ff618c40000 - 0x00007ff618c4e000 	C:\Program Files\Microsoft\jdk-17.0.11.9-hotspot\bin\java.exe
0x00007ffeaae30000 - 0x00007ffeab047000 	C:\Windows\SYSTEM32\ntdll.dll
0x00007ffea9170000 - 0x00007ffea9234000 	C:\Windows\System32\KERNEL32.DLL
0x00007ffea8710000 - 0x00007ffea8abd000 	C:\Windows\System32\KERNELBASE.dll
0x00007ffea8530000 - 0x00007ffea8641000 	C:\Windows\System32\ucrtbase.dll
0x00007ffea5370000 - 0x00007ffea5387000 	C:\Program Files\Microsoft\jdk-17.0.11.9-hotspot\bin\jli.dll
0x00007ffea53b0000 - 0x00007ffea53cb000 	C:\Program Files\Microsoft\jdk-17.0.11.9-hotspot\bin\VCRUNTIME140.dll
0x00007ffeaac40000 - 0x00007ffeaadee000 	C:\Windows\System32\USER32.dll
0x00007ffe85550000 - 0x00007ffe857e3000 	C:\Windows\WinSxS\amd64_microsoft.windows.common-controls_6595b64144ccf1df_6.0.22621.3672_none_2713b9d173822955\COMCTL32.dll
0x00007ffea81d0000 - 0x00007ffea81f6000 	C:\Windows\System32\win32u.dll
0x00007ffea8c40000 - 0x00007ffea8ce7000 	C:\Windows\System32\msvcrt.dll
0x00007ffea93c0000 - 0x00007ffea93e9000 	C:\Windows\System32\GDI32.dll
0x00007ffea83e0000 - 0x00007ffea84f9000 	C:\Windows\System32\gdi32full.dll
0x00007ffea8ac0000 - 0x00007ffea8b5a000 	C:\Windows\System32\msvcp_win.dll
0x00007ffea9f00000 - 0x00007ffea9f31000 	C:\Windows\System32\IMM32.DLL
0x00007ffea5210000 - 0x00007ffea521c000 	C:\Program Files\Microsoft\jdk-17.0.11.9-hotspot\bin\vcruntime140_1.dll
0x00007ffe344d0000 - 0x00007ffe3455d000 	C:\Program Files\Microsoft\jdk-17.0.11.9-hotspot\bin\msvcp140.dll
0x00007ffe07930000 - 0x00007ffe08596000 	C:\Program Files\Microsoft\jdk-17.0.11.9-hotspot\bin\server\jvm.dll
0x00007ffeaab80000 - 0x00007ffeaac32000 	C:\Windows\System32\ADVAPI32.dll
0x00007ffeaaad0000 - 0x00007ffeaab79000 	C:\Windows\System32\sechost.dll
0x00007ffea8500000 - 0x00007ffea8528000 	C:\Windows\System32\bcrypt.dll
0x00007ffea95e0000 - 0x00007ffea96f4000 	C:\Windows\System32\RPCRT4.dll
0x00007ffea8020000 - 0x00007ffea806d000 	C:\Windows\SYSTEM32\POWRPROF.dll
0x00007ffe8f810000 - 0x00007ffe8f819000 	C:\Windows\SYSTEM32\WSOCK32.dll
0x00007ffea0ad0000 - 0x00007ffea0b04000 	C:\Windows\SYSTEM32\WINMM.dll
0x00007ffea0f60000 - 0x00007ffea0f6a000 	C:\Windows\SYSTEM32\VERSION.dll
0x00007ffeaa170000 - 0x00007ffeaa1e1000 	C:\Windows\System32\WS2_32.dll
0x00007ffea8000000 - 0x00007ffea8013000 	C:\Windows\SYSTEM32\UMPDC.dll
0x00007ffea71a0000 - 0x00007ffea71b8000 	C:\Windows\SYSTEM32\kernel.appcore.dll
0x00007ffea51d0000 - 0x00007ffea51da000 	C:\Program Files\Microsoft\jdk-17.0.11.9-hotspot\bin\jimage.dll
0x00007ffe8cd20000 - 0x00007ffe8cf52000 	C:\Windows\SYSTEM32\DBGHELP.DLL
0x00007ffea9700000 - 0x00007ffea9a8e000 	C:\Windows\System32\combase.dll
0x00007ffea9c50000 - 0x00007ffea9d27000 	C:\Windows\System32\OLEAUT32.dll
0x00007ffe79c00000 - 0x00007ffe79c32000 	C:\Windows\SYSTEM32\dbgcore.DLL
0x00007ffea8150000 - 0x00007ffea81cb000 	C:\Windows\System32\bcryptPrimitives.dll
0x00007ffe8b360000 - 0x00007ffe8b385000 	C:\Program Files\Microsoft\jdk-17.0.11.9-hotspot\bin\java.dll

dbghelp: loaded successfully - version: 4.0.5 - missing functions: none
symbol engine: initialized successfully - sym options: 0x614 - pdb path: .;C:\Program Files\Microsoft\jdk-17.0.11.9-hotspot\bin;C:\Windows\SYSTEM32;C:\Windows\WinSxS\amd64_microsoft.windows.common-controls_6595b64144ccf1df_6.0.22621.3672_none_2713b9d173822955;C:\Program Files\Microsoft\jdk-17.0.11.9-hotspot\bin\server

VM Arguments:
java_command: org.jetbrains.kotlin.cli.jvm.K2JVMCompiler @C:\Users\Bruno\Videos\app_graal\app_graal\node_modules\@react-native\gradle-plugin\shared\build\20241003_10491742331666816028.compiler.options
java_class_path (initial): C:\Users\Bruno\.gradle\caches\modules-2\files-2.1\org.jetbrains.kotlin\kotlin-compiler-embeddable\1.9.24\78dab849090e6c5e2eadb6e59a11cdc28fb67a08\kotlin-compiler-embeddable-1.9.24.jar;C:\Users\Bruno\.gradle\caches\modules-2\files-2.1\org.jetbrains.kotlin\kotlin-stdlib\1.9.24\9928532f12c66ad816a625b3f9984f8368ca6d2b\kotlin-stdlib-1.9.24.jar;C:\Users\Bruno\.gradle\caches\modules-2\files-2.1\org.jetbrains.kotlin\kotlin-script-runtime\1.9.24\96771497da90fbc5af1c90fce148db2595a62502\kotlin-script-runtime-1.9.24.jar;C:\Users\Bruno\.gradle\caches\modules-2\files-2.1\org.jetbrains.kotlin\kotlin-reflect\1.6.10\1cbe9c92c12a94eea200d23c2bbaedaf3daf5132\kotlin-reflect-1.6.10.jar;C:\Users\Bruno\.gradle\caches\modules-2\files-2.1\org.jetbrains.kotlin\kotlin-daemon-embeddable\1.9.24\86685b9c5e8d170925bd9ddbdc263374a6a73281\kotlin-daemon-embeddable-1.9.24.jar;C:\Users\Bruno\.gradle\caches\modules-2\files-2.1\org.jetbrains.intellij.deps\trove4j\1.0.20200330\3afb14d5f9ceb459d724e907a21145e8ff394f02\trove4j-1.0.20200330.jar;C:\Users\Bruno\.gradle\caches\modules-2\files-2.1\org.jetbrains\annotations\13.0\919f0dfe192fb4e063e7dacadee7f8bb9a2672a9\annotations-13.0.jar
Launcher Type: SUN_STANDARD

[Global flags]
     intx CICompilerCount                          = 4                                         {product} {ergonomic}
     uint ConcGCThreads                            = 3                                         {product} {ergonomic}
     uint G1ConcRefinementThreads                  = 10                                        {product} {ergonomic}
   size_t G1HeapRegionSize                         = 1048576                                   {product} {ergonomic}
    uintx GCDrainStackTargetSize                   = 64                                        {product} {ergonomic}
   size_t InitialHeapSize                          = 132120576                                 {product} {ergonomic}
   size_t MarkStackSize                            = 4194304                                   {product} {ergonomic}
   size_t MaxHeapSize                              = 2113929216                                {product} {ergonomic}
   size_t MinHeapDeltaBytes                        = 1048576                                   {product} {ergonomic}
   size_t MinHeapSize                              = 8388608                                   {product} {ergonomic}
    uintx NonNMethodCodeHeapSize                   = 5839372                                {pd product} {ergonomic}
    uintx NonProfiledCodeHeapSize                  = 122909434                              {pd product} {ergonomic}
    uintx ProfiledCodeHeapSize                     = 122909434                              {pd product} {ergonomic}
    uintx ReservedCodeCacheSize                    = 251658240                              {pd product} {ergonomic}
     bool SegmentedCodeCache                       = true                                      {product} {ergonomic}
   size_t SoftMaxHeapSize                          = 2113929216                             {manageable} {ergonomic}
     bool UseCompressedClassPointers               = true                           {product lp64_product} {ergonomic}
     bool UseCompressedOops                        = true                           {product lp64_product} {ergonomic}
     bool UseG1GC                                  = true                                      {product} {ergonomic}
     bool UseLargePagesIndividualAllocation        = false                                  {pd product} {ergonomic}

Logging:
Log output configuration:
 #0: stdout all=warning uptime,level,tags
 #1: stderr all=off uptime,level,tags

Environment Variables:
JAVA_HOME=C:\Program Files\Microsoft\jdk-17.0.11.9-hotspot\
CLASSPATH=C:\Users\Bruno\Videos\app_graal\app_graal\android\\gradle\wrapper\gradle-wrapper.jar
PATH=C:\Users\Bruno\Videos\app_graal\app_graal\node_modules\.bin;C:\Users\Bruno\Videos\app_graal\app_graal\node_modules\.bin;C:\Users\Bruno\Videos\app_graal\node_modules\.bin;C:\Users\Bruno\Videos\node_modules\.bin;C:\Users\Bruno\node_modules\.bin;C:\Users\node_modules\.bin;C:\node_modules\.bin;C:\Users\Bruno\AppData\Roaming\nvm\v20.11.1\node_modules\npm\node_modules\@npmcli\run-script\lib\node-gyp-bin;C:\Users\Bruno\Videos\app_graal\app_graal\node_modules\.bin;C:\Users\Bruno\Videos\app_graal\node_modules\.bin;C:\Users\Bruno\Videos\node_modules\.bin;C:\Users\Bruno\node_modules\.bin;C:\Users\node_modules\.bin;C:\node_modules\.bin;C:\Users\Bruno\AppData\Roaming\nvm\v20.11.1\node_modules\npm\node_modules\@npmcli\run-script\lib\node-gyp-bin;C:\Program Files\Microsoft\jdk-17.0.11.9-hotspot\bin;C:\Program Files\Microsoft\jdk-21.0.3.9-hotspot\bin;C:\Program Files\Common Files\Oracle\Java\javapath;C:\Program Files\OpenJDK\jdk-11.0.15.10-hotspot\bin;C:\Windows\system32;C:\Windows;C:\Windows\System32\Wbem;C:\Windows\System32\WindowsPowerShell\v1.0\;C:\Windows\System32\OpenSSH\;C:\Program Files\Microsoft SQL Server\150\Tools\Binn\;C:\Program Files\Microsoft SQL Server\Client SDK\ODBC\170\Tools\Binn\;C:\Program Files\dotnet\;C:\Program Files\Git\cmd;C:\Users\Bruno\AppData\Roaming\nvm;C:\Program Files\nodejs;C:\maven\bin;C:\Program Files\PuTTY\;C:\Program Files\PostgreSQL\14\bin;C:\Program Files\Docker\Docker\resources\bin;C:\ProgramData\DockerDesktop\version-bin;C:\ProgramData\chocolatey\bin;;C:\Windows\system32;C:\Windows;C:\Windows\System32\Wbem;C:\Windows\System32\WindowsPowerShell\v1.0\;C:\Windows\System32\OpenSSH\;C:\Program Files (x86)\Microsoft SQL Server\150\Tools\Binn\;C:\Program Files\Microsoft SQL Server\150\DTS\Binn\;C:\Program Files\Microsoft SQL Server\Client SDK\ODBC\110\Tools\Binn\;C:\Program Files (x86)\Microsoft SQL Server\120\Tools\Binn\;C:\Program Files\Microsoft SQL Server\120\Tools\Binn\;C:\Program Files\Microsoft SQL Server\120\DTS\Binn\;C:\Program Files\Tor
USERNAME=Bruno
LANG=en_US.UTF-8
OS=Windows_NT
PROCESSOR_IDENTIFIER=Intel64 Family 6 Model 158 Stepping 10, GenuineIntel
TMP=C:\Users\Bruno\AppData\Local\Temp
TEMP=C:\Users\Bruno\AppData\Local\Temp



Periodic native trim disabled


---------------  S Y S T E M  ---------------

OS:
 Windows 11 , 64 bit Build 22621 (10.0.22621.3958)
OS uptime: 4 days 0:06 hours
Hyper-V role detected

CPU: total 12 (initial active 12) (6 cores per cpu, 2 threads per core) family 6 model 158 stepping 10 microcode 0xf0, cx8, cmov, fxsr, ht, mmx, 3dnowpref, sse, sse2, sse3, ssse3, sse4.1, sse4.2, popcnt, lzcnt, tsc, tscinvbit, avx, avx2, aes, erms, clmul, bmi1, bmi2, adx, fma, vzeroupper, clflush, clflushopt, hv
Processor Information for all 12 processors :
  Max Mhz: 2592, Current Mhz: 2592, Mhz Limit: 2592

Memory: 4k page, system-wide physical 8062M (159M free)
TotalPageFile size 16255M (AvailPageFile size 60M)
current process WorkingSet (physical memory assigned to process): 11M, peak: 11M
current process commit charge ("private bytes"): 64M, peak: 190M

vm_info: OpenJDK 64-Bit Server VM (17.0.11+9-LTS) for windows-amd64 JRE (17.0.11+9-LTS), built on Apr  9 2024 22:05:54 by "MicrosoftCorporation" with MS VC++ 16.10 / 16.11 (VS2019)

END.
