#
# There is insufficient memory for the Java Runtime Environment to continue.
# Native memory allocation (malloc) failed to allocate 719136 bytes. Error detail: Chunk::new
# Possible reasons:
#   The system is out of physical RAM or swap space
#   This process is running with CompressedOops enabled, and the Java Heap may be blocking the growth of the native heap
# Possible solutions:
#   Reduce memory load on the system
#   Increase physical memory or swap space
#   Check if swap backing store is full
#   Decrease Java heap size (-Xmx/-Xms)
#   Decrease number of Java threads
#   Decrease Java thread stack sizes (-Xss)
#   Set larger code cache with -XX:ReservedCodeCacheSize=
#   JVM is running with Unscaled Compressed Oops mode in which the Java heap is
#     placed in the first 4GB address space. The Java Heap base address is the
#     maximum limit for the native heap growth. Please use -XX:HeapBaseMinAddress
#     to set the Java Heap base and to place the Java Heap above 4GB virtual address.
# This output file may be truncated or incomplete.
#
#  Out of Memory Error (arena.cpp:191), pid=28760, tid=16216
#
# JRE version: OpenJDK Runtime Environment Microsoft-9388408 (17.0.11+9) (build 17.0.11+9-LTS)
# Java VM: OpenJDK 64-Bit Server VM Microsoft-9388408 (17.0.11+9-LTS, mixed mode, sharing, tiered, compressed oops, compressed class ptrs, g1 gc, windows-amd64)
# No core dump will be written. Minidumps are not enabled by default on client versions of Windows
#

---------------  S U M M A R Y ------------

Command Line: org.jetbrains.kotlin.cli.jvm.K2JVMCompiler @C:\Users\Bruno\Videos\app_graal\app_graal\node_modules\react-native-screens\android\build\20241003_14547224998438393750.compiler.options

Host: Intel(R) Core(TM) i7-9750H CPU @ 2.60GHz, 12 cores, 7G,  Windows 11 , 64 bit Build 22621 (10.0.22621.3958)
Time: Thu Oct  3 16:29:31 2024 Hora oficial do Brasil elapsed time: 9.250472 seconds (0d 0h 0m 9s)

---------------  T H R E A D  ---------------

Current thread (0x000001b67fd5b540):  JavaThread "C2 CompilerThread0" daemon [_thread_in_native, id=16216, stack(0x0000004e3e300000,0x0000004e3e400000)]


Current CompileTask:
C2:   9250 3725       4       org.jetbrains.kotlin.com.intellij.lang.impl.PsiBuilderImpl::insertLeaves (88 bytes)

Stack: [0x0000004e3e300000,0x0000004e3e400000]
Native frames: (J=compiled Java code, j=interpreted, Vv=VM code, C=native code)
V  [jvm.dll+0x67f6d9]
V  [jvm.dll+0x83773a]
V  [jvm.dll+0x8391fe]
V  [jvm.dll+0x839863]
V  [jvm.dll+0x247fbf]
V  [jvm.dll+0xac544]
V  [jvm.dll+0xacb8c]
V  [jvm.dll+0x2af9ff]
V  [jvm.dll+0x586b27]
V  [jvm.dll+0x222f82]
V  [jvm.dll+0x21c15b]
V  [jvm.dll+0x219901]
V  [jvm.dll+0x1a5396]
V  [jvm.dll+0x2297cd]
V  [jvm.dll+0x22799c]
V  [jvm.dll+0x7ec8b7]
V  [jvm.dll+0x7e6cba]
V  [jvm.dll+0x67e5c5]
C  [ucrtbase.dll+0x29333]
C  [KERNEL32.DLL+0x1257d]
C  [ntdll.dll+0x5af28]


---------------  P R O C E S S  ---------------

Threads class SMR info:
_java_thread_list=0x000001b64a9fff00, length=12, elements={
0x000001b66583ee70, 0x000001b67fd3ab80, 0x000001b67fd3ba00, 0x000001b67fd51be0,
0x000001b67fd574d0, 0x000001b67fd57e90, 0x000001b67fd5a000, 0x000001b67fd5b540,
0x000001b67fd5c790, 0x000001b67fd6b7e0, 0x000001b6042edb20, 0x000001b6042f3ed0
}

Java Threads: ( => current thread )
  0x000001b66583ee70 JavaThread "main" [_thread_in_Java, id=768, stack(0x0000004e3d600000,0x0000004e3d700000)]
  0x000001b67fd3ab80 JavaThread "Reference Handler" daemon [_thread_blocked, id=29448, stack(0x0000004e3dd00000,0x0000004e3de00000)]
  0x000001b67fd3ba00 JavaThread "Finalizer" daemon [_thread_blocked, id=18060, stack(0x0000004e3de00000,0x0000004e3df00000)]
  0x000001b67fd51be0 JavaThread "Signal Dispatcher" daemon [_thread_blocked, id=8036, stack(0x0000004e3df00000,0x0000004e3e000000)]
  0x000001b67fd574d0 JavaThread "Attach Listener" daemon [_thread_blocked, id=18040, stack(0x0000004e3e000000,0x0000004e3e100000)]
  0x000001b67fd57e90 JavaThread "Service Thread" daemon [_thread_blocked, id=25284, stack(0x0000004e3e100000,0x0000004e3e200000)]
  0x000001b67fd5a000 JavaThread "Monitor Deflation Thread" daemon [_thread_blocked, id=30364, stack(0x0000004e3e200000,0x0000004e3e300000)]
=>0x000001b67fd5b540 JavaThread "C2 CompilerThread0" daemon [_thread_in_native, id=16216, stack(0x0000004e3e300000,0x0000004e3e400000)]
  0x000001b67fd5c790 JavaThread "C1 CompilerThread0" daemon [_thread_in_vm, id=14120, stack(0x0000004e3e400000,0x0000004e3e500000)]
  0x000001b67fd6b7e0 JavaThread "Sweeper thread" daemon [_thread_blocked, id=13076, stack(0x0000004e3e500000,0x0000004e3e600000)]
  0x000001b6042edb20 JavaThread "Notification Thread" daemon [_thread_blocked, id=27008, stack(0x0000004e3e600000,0x0000004e3e700000)]
  0x000001b6042f3ed0 JavaThread "Common-Cleaner" daemon [_thread_blocked, id=5016, stack(0x0000004e3e800000,0x0000004e3e900000)]

Other Threads:
  0x000001b67fd353d0 VMThread "VM Thread" [stack: 0x0000004e3dc00000,0x0000004e3dd00000] [id=20712]
  0x000001b6042f2430 WatcherThread [stack: 0x0000004e3e700000,0x0000004e3e800000] [id=9056]
  0x000001b665899750 GCTaskThread "GC Thread#0" [stack: 0x0000004e3d700000,0x0000004e3d800000] [id=17364]
  0x000001b6047c64c0 GCTaskThread "GC Thread#1" [stack: 0x0000004e3e900000,0x0000004e3ea00000] [id=24272]
  0x000001b6047c6780 GCTaskThread "GC Thread#2" [stack: 0x0000004e3ea00000,0x0000004e3eb00000] [id=21956]
  0x000001b6048737b0 GCTaskThread "GC Thread#3" [stack: 0x0000004e3eb00000,0x0000004e3ec00000] [id=25948]
  0x000001b604873a70 GCTaskThread "GC Thread#4" [stack: 0x0000004e3ec00000,0x0000004e3ed00000] [id=28284]
  0x000001b604873d30 GCTaskThread "GC Thread#5" [stack: 0x0000004e3ed00000,0x0000004e3ee00000] [id=29408]
  0x000001b64a2c18f0 GCTaskThread "GC Thread#6" [stack: 0x0000004e3f000000,0x0000004e3f100000] [id=14160]
  0x000001b64a0828b0 GCTaskThread "GC Thread#7" [stack: 0x0000004e3f100000,0x0000004e3f200000] [id=25036]
  0x000001b64a6df460 GCTaskThread "GC Thread#8" [stack: 0x0000004e3f200000,0x0000004e3f300000] [id=20220]
  0x000001b64ab32840 GCTaskThread "GC Thread#9" [stack: 0x0000004e3ef00000,0x0000004e3f000000] [id=30192]
  0x000001b6658aa2a0 ConcurrentGCThread "G1 Main Marker" [stack: 0x0000004e3d800000,0x0000004e3d900000] [id=15924]
  0x000001b6658aacc0 ConcurrentGCThread "G1 Conc#0" [stack: 0x0000004e3d900000,0x0000004e3da00000] [id=2000]
  0x000001b64ab33b80 ConcurrentGCThread "G1 Conc#1" [stack: 0x0000004e3f300000,0x0000004e3f400000] [id=20024]
  0x000001b64ab33080 ConcurrentGCThread "G1 Conc#2" [stack: 0x0000004e3f400000,0x0000004e3f500000] [id=16352]
  0x000001b67fbf5c20 ConcurrentGCThread "G1 Refine#0" [stack: 0x0000004e3da00000,0x0000004e3db00000] [id=30472]
  0x000001b67fbf6650 ConcurrentGCThread "G1 Service" [stack: 0x0000004e3db00000,0x0000004e3dc00000] [id=26108]

Threads with active compile tasks:
C2 CompilerThread0     9270 3725       4       org.jetbrains.kotlin.com.intellij.lang.impl.PsiBuilderImpl::insertLeaves (88 bytes)
C1 CompilerThread0     9270 3909   !   2       org.jetbrains.kotlin.metadata.ProtoBuf$QualifiedNameTable$QualifiedName::<init> (351 bytes)

VM state: not at safepoint (normal execution)

VM Mutex/Monitor currently owned by a thread: None

Heap address: 0x0000000082000000, size: 2016 MB, Compressed Oops mode: 32-bit

CDS archive(s) mapped at: [0x000001b605000000-0x000001b605bb0000-0x000001b605bb0000), size 12255232, SharedBaseAddress: 0x000001b605000000, ArchiveRelocationMode: 1.
Compressed class space mapped at: 0x000001b606000000-0x000001b646000000, reserved size: 1073741824
Narrow klass base: 0x000001b605000000, Narrow klass shift: 0, Narrow klass range: 0x100000000

GC Precious Log:
 CPUs: 12 total, 12 available
 Memory: 8062M
 Large Page Support: Disabled
 NUMA Support: Disabled
 Compressed Oops: Enabled (32-bit)
 Heap Region Size: 1M
 Heap Min Capacity: 8M
 Heap Initial Capacity: 126M
 Heap Max Capacity: 2016M
 Pre-touch: Disabled
 Parallel Workers: 10
 Concurrent Workers: 3
 Concurrent Refinement Workers: 10
 Periodic GC: Disabled

Heap:
 garbage-first heap   total 99328K, used 49375K [0x0000000082000000, 0x0000000100000000)
  region size 1024K, 27 young (27648K), 5 survivors (5120K)
 Metaspace       used 40166K, committed 40448K, reserved 1114112K
  class space    used 5000K, committed 5120K, reserved 1048576K

Heap Regions: E=young(eden), S=young(survivor), O=old, HS=humongous(starts), HC=humongous(continues), CS=collection set, F=free, OA=open archive, CA=closed archive, TAMS=top-at-mark-start (previous, next)
|   0|0x0000000082000000, 0x0000000082100000, 0x0000000082100000|100%|HS|  |TAMS 0x0000000082100000, 0x0000000082000000| Complete 
|   1|0x0000000082100000, 0x0000000082200000, 0x0000000082200000|100%|HC|  |TAMS 0x0000000082200000, 0x0000000082100000| Complete 
|   2|0x0000000082200000, 0x0000000082300000, 0x0000000082300000|100%|HC|  |TAMS 0x0000000082300000, 0x0000000082200000| Complete 
|   3|0x0000000082300000, 0x0000000082400000, 0x0000000082400000|100%|HC|  |TAMS 0x0000000082400000, 0x0000000082300000| Complete 
|   4|0x0000000082400000, 0x0000000082500000, 0x0000000082500000|100%| O|  |TAMS 0x0000000082500000, 0x0000000082400000| Untracked 
|   5|0x0000000082500000, 0x0000000082600000, 0x0000000082600000|100%| O|  |TAMS 0x0000000082600000, 0x0000000082500000| Untracked 
|   6|0x0000000082600000, 0x0000000082700000, 0x0000000082700000|100%| O|  |TAMS 0x0000000082700000, 0x0000000082600000| Untracked 
|   7|0x0000000082700000, 0x0000000082800000, 0x0000000082800000|100%| O|  |TAMS 0x0000000082800000, 0x0000000082700000| Untracked 
|   8|0x0000000082800000, 0x0000000082900000, 0x0000000082900000|100%| O|  |TAMS 0x0000000082900000, 0x0000000082800000| Untracked 
|   9|0x0000000082900000, 0x0000000082a00000, 0x0000000082a00000|100%| O|  |TAMS 0x0000000082a00000, 0x0000000082900000| Untracked 
|  10|0x0000000082a00000, 0x0000000082b00000, 0x0000000082b00000|100%| O|  |TAMS 0x0000000082b00000, 0x0000000082a00000| Untracked 
|  11|0x0000000082b00000, 0x0000000082c00000, 0x0000000082c00000|100%| O|  |TAMS 0x0000000082c00000, 0x0000000082b00000| Untracked 
|  12|0x0000000082c00000, 0x0000000082d00000, 0x0000000082d00000|100%| O|  |TAMS 0x0000000082d00000, 0x0000000082c00000| Untracked 
|  13|0x0000000082d00000, 0x0000000082e00000, 0x0000000082e00000|100%| O|  |TAMS 0x0000000082e00000, 0x0000000082d00000| Untracked 
|  14|0x0000000082e00000, 0x0000000082f00000, 0x0000000082f00000|100%| O|  |TAMS 0x0000000082f00000, 0x0000000082e00000| Untracked 
|  15|0x0000000082f00000, 0x0000000083000000, 0x0000000083000000|100%| O|  |TAMS 0x0000000083000000, 0x0000000082f00000| Untracked 
|  16|0x0000000083000000, 0x0000000083100000, 0x0000000083100000|100%| O|  |TAMS 0x0000000083100000, 0x0000000083000000| Untracked 
|  17|0x0000000083100000, 0x0000000083200000, 0x0000000083200000|100%| O|  |TAMS 0x0000000083200000, 0x0000000083100000| Untracked 
|  18|0x0000000083200000, 0x0000000083300000, 0x0000000083300000|100%|HS|  |TAMS 0x0000000083300000, 0x0000000083200000| Complete 
|  19|0x0000000083300000, 0x0000000083400000, 0x0000000083400000|100%|HC|  |TAMS 0x0000000083400000, 0x0000000083300000| Complete 
|  20|0x0000000083400000, 0x0000000083500000, 0x0000000083500000|100%| O|  |TAMS 0x0000000083500000, 0x0000000083400000| Untracked 
|  21|0x0000000083500000, 0x0000000083600000, 0x0000000083600000|100%| O|  |TAMS 0x0000000083600000, 0x0000000083500000| Untracked 
|  22|0x0000000083600000, 0x00000000836f2800, 0x0000000083700000| 94%| O|  |TAMS 0x00000000836f2800, 0x0000000083600000| Untracked 
|  23|0x0000000083700000, 0x0000000083700000, 0x0000000083800000|  0%| F|  |TAMS 0x0000000083700000, 0x0000000083700000| Untracked 
|  24|0x0000000083800000, 0x0000000083800000, 0x0000000083900000|  0%| F|  |TAMS 0x0000000083800000, 0x0000000083800000| Untracked 
|  25|0x0000000083900000, 0x0000000083900000, 0x0000000083a00000|  0%| F|  |TAMS 0x0000000083900000, 0x0000000083900000| Untracked 
|  26|0x0000000083a00000, 0x0000000083a00000, 0x0000000083b00000|  0%| F|  |TAMS 0x0000000083a00000, 0x0000000083a00000| Untracked 
|  27|0x0000000083b00000, 0x0000000083b00000, 0x0000000083c00000|  0%| F|  |TAMS 0x0000000083b00000, 0x0000000083b00000| Untracked 
|  28|0x0000000083c00000, 0x0000000083c00000, 0x0000000083d00000|  0%| F|  |TAMS 0x0000000083c00000, 0x0000000083c00000| Untracked 
|  29|0x0000000083d00000, 0x0000000083d00000, 0x0000000083e00000|  0%| F|  |TAMS 0x0000000083d00000, 0x0000000083d00000| Untracked 
|  30|0x0000000083e00000, 0x0000000083e00000, 0x0000000083f00000|  0%| F|  |TAMS 0x0000000083e00000, 0x0000000083e00000| Untracked 
|  31|0x0000000083f00000, 0x0000000083f00000, 0x0000000084000000|  0%| F|  |TAMS 0x0000000083f00000, 0x0000000083f00000| Untracked 
|  32|0x0000000084000000, 0x0000000084000000, 0x0000000084100000|  0%| F|  |TAMS 0x0000000084000000, 0x0000000084000000| Untracked 
|  33|0x0000000084100000, 0x0000000084100000, 0x0000000084200000|  0%| F|  |TAMS 0x0000000084100000, 0x0000000084100000| Untracked 
|  34|0x0000000084200000, 0x0000000084200000, 0x0000000084300000|  0%| F|  |TAMS 0x0000000084200000, 0x0000000084200000| Untracked 
|  35|0x0000000084300000, 0x0000000084300000, 0x0000000084400000|  0%| F|  |TAMS 0x0000000084300000, 0x0000000084300000| Untracked 
|  36|0x0000000084400000, 0x0000000084400000, 0x0000000084500000|  0%| F|  |TAMS 0x0000000084400000, 0x0000000084400000| Untracked 
|  37|0x0000000084500000, 0x0000000084500000, 0x0000000084600000|  0%| F|  |TAMS 0x0000000084500000, 0x0000000084500000| Untracked 
|  38|0x0000000084600000, 0x0000000084600000, 0x0000000084700000|  0%| F|  |TAMS 0x0000000084600000, 0x0000000084600000| Untracked 
|  39|0x0000000084700000, 0x0000000084700000, 0x0000000084800000|  0%| F|  |TAMS 0x0000000084700000, 0x0000000084700000| Untracked 
|  40|0x0000000084800000, 0x0000000084800000, 0x0000000084900000|  0%| F|  |TAMS 0x0000000084800000, 0x0000000084800000| Untracked 
|  41|0x0000000084900000, 0x0000000084900000, 0x0000000084a00000|  0%| F|  |TAMS 0x0000000084900000, 0x0000000084900000| Untracked 
|  42|0x0000000084a00000, 0x0000000084a00000, 0x0000000084b00000|  0%| F|  |TAMS 0x0000000084a00000, 0x0000000084a00000| Untracked 
|  43|0x0000000084b00000, 0x0000000084b00000, 0x0000000084c00000|  0%| F|  |TAMS 0x0000000084b00000, 0x0000000084b00000| Untracked 
|  44|0x0000000084c00000, 0x0000000084c00000, 0x0000000084d00000|  0%| F|  |TAMS 0x0000000084c00000, 0x0000000084c00000| Untracked 
|  45|0x0000000084d00000, 0x0000000084d00000, 0x0000000084e00000|  0%| F|  |TAMS 0x0000000084d00000, 0x0000000084d00000| Untracked 
|  46|0x0000000084e00000, 0x0000000084e00000, 0x0000000084f00000|  0%| F|  |TAMS 0x0000000084e00000, 0x0000000084e00000| Untracked 
|  47|0x0000000084f00000, 0x0000000084f00000, 0x0000000085000000|  0%| F|  |TAMS 0x0000000084f00000, 0x0000000084f00000| Untracked 
|  48|0x0000000085000000, 0x0000000085000000, 0x0000000085100000|  0%| F|  |TAMS 0x0000000085000000, 0x0000000085000000| Untracked 
|  49|0x0000000085100000, 0x0000000085100000, 0x0000000085200000|  0%| F|  |TAMS 0x0000000085100000, 0x0000000085100000| Untracked 
|  50|0x0000000085200000, 0x0000000085200000, 0x0000000085300000|  0%| F|  |TAMS 0x0000000085200000, 0x0000000085200000| Untracked 
|  51|0x0000000085300000, 0x0000000085300000, 0x0000000085400000|  0%| F|  |TAMS 0x0000000085300000, 0x0000000085300000| Untracked 
|  52|0x0000000085400000, 0x0000000085400000, 0x0000000085500000|  0%| F|  |TAMS 0x0000000085400000, 0x0000000085400000| Untracked 
|  53|0x0000000085500000, 0x0000000085500000, 0x0000000085600000|  0%| F|  |TAMS 0x0000000085500000, 0x0000000085500000| Untracked 
|  54|0x0000000085600000, 0x0000000085600000, 0x0000000085700000|  0%| F|  |TAMS 0x0000000085600000, 0x0000000085600000| Untracked 
|  55|0x0000000085700000, 0x0000000085700000, 0x0000000085800000|  0%| F|  |TAMS 0x0000000085700000, 0x0000000085700000| Untracked 
|  56|0x0000000085800000, 0x0000000085800000, 0x0000000085900000|  0%| F|  |TAMS 0x0000000085800000, 0x0000000085800000| Untracked 
|  57|0x0000000085900000, 0x0000000085900000, 0x0000000085a00000|  0%| F|  |TAMS 0x0000000085900000, 0x0000000085900000| Untracked 
|  58|0x0000000085a00000, 0x0000000085a00000, 0x0000000085b00000|  0%| F|  |TAMS 0x0000000085a00000, 0x0000000085a00000| Untracked 
|  59|0x0000000085b00000, 0x0000000085b00000, 0x0000000085c00000|  0%| F|  |TAMS 0x0000000085b00000, 0x0000000085b00000| Untracked 
|  60|0x0000000085c00000, 0x0000000085c00000, 0x0000000085d00000|  0%| F|  |TAMS 0x0000000085c00000, 0x0000000085c00000| Untracked 
|  61|0x0000000085d00000, 0x0000000085d00000, 0x0000000085e00000|  0%| F|  |TAMS 0x0000000085d00000, 0x0000000085d00000| Untracked 
|  62|0x0000000085e00000, 0x0000000085e00000, 0x0000000085f00000|  0%| F|  |TAMS 0x0000000085e00000, 0x0000000085e00000| Untracked 
|  63|0x0000000085f00000, 0x0000000085f00000, 0x0000000086000000|  0%| F|  |TAMS 0x0000000085f00000, 0x0000000085f00000| Untracked 
|  64|0x0000000086000000, 0x0000000086000000, 0x0000000086100000|  0%| F|  |TAMS 0x0000000086000000, 0x0000000086000000| Untracked 
|  65|0x0000000086100000, 0x0000000086100000, 0x0000000086200000|  0%| F|  |TAMS 0x0000000086100000, 0x0000000086100000| Untracked 
|  66|0x0000000086200000, 0x0000000086200000, 0x0000000086300000|  0%| F|  |TAMS 0x0000000086200000, 0x0000000086200000| Untracked 
|  67|0x0000000086300000, 0x0000000086300000, 0x0000000086400000|  0%| F|  |TAMS 0x0000000086300000, 0x0000000086300000| Untracked 
|  68|0x0000000086400000, 0x0000000086400000, 0x0000000086500000|  0%| F|  |TAMS 0x0000000086400000, 0x0000000086400000| Untracked 
|  69|0x0000000086500000, 0x0000000086500000, 0x0000000086600000|  0%| F|  |TAMS 0x0000000086500000, 0x0000000086500000| Untracked 
|  70|0x0000000086600000, 0x0000000086680800, 0x0000000086700000| 50%| E|  |TAMS 0x0000000086600000, 0x0000000086600000| Complete 
|  71|0x0000000086700000, 0x0000000086800000, 0x0000000086800000|100%| E|CS|TAMS 0x0000000086700000, 0x0000000086700000| Complete 
|  72|0x0000000086800000, 0x0000000086900000, 0x0000000086900000|100%| E|CS|TAMS 0x0000000086800000, 0x0000000086800000| Complete 
|  73|0x0000000086900000, 0x0000000086a00000, 0x0000000086a00000|100%| E|CS|TAMS 0x0000000086900000, 0x0000000086900000| Complete 
|  74|0x0000000086a00000, 0x0000000086b00000, 0x0000000086b00000|100%| E|CS|TAMS 0x0000000086a00000, 0x0000000086a00000| Complete 
|  75|0x0000000086b00000, 0x0000000086c00000, 0x0000000086c00000|100%| E|CS|TAMS 0x0000000086b00000, 0x0000000086b00000| Complete 
|  76|0x0000000086c00000, 0x0000000086d00000, 0x0000000086d00000|100%| E|CS|TAMS 0x0000000086c00000, 0x0000000086c00000| Complete 
|  77|0x0000000086d00000, 0x0000000086e00000, 0x0000000086e00000|100%| E|CS|TAMS 0x0000000086d00000, 0x0000000086d00000| Complete 
|  78|0x0000000086e00000, 0x0000000086f00000, 0x0000000086f00000|100%| E|CS|TAMS 0x0000000086e00000, 0x0000000086e00000| Complete 
|  79|0x0000000086f00000, 0x0000000087000000, 0x0000000087000000|100%| E|CS|TAMS 0x0000000086f00000, 0x0000000086f00000| Complete 
|  80|0x0000000087000000, 0x0000000087100000, 0x0000000087100000|100%| E|CS|TAMS 0x0000000087000000, 0x0000000087000000| Complete 
|  81|0x0000000087100000, 0x0000000087200000, 0x0000000087200000|100%| E|CS|TAMS 0x0000000087100000, 0x0000000087100000| Complete 
|  82|0x0000000087200000, 0x0000000087300000, 0x0000000087300000|100%| E|CS|TAMS 0x0000000087200000, 0x0000000087200000| Complete 
|  83|0x0000000087300000, 0x0000000087400000, 0x0000000087400000|100%| E|CS|TAMS 0x0000000087300000, 0x0000000087300000| Complete 
|  84|0x0000000087400000, 0x0000000087500000, 0x0000000087500000|100%| E|CS|TAMS 0x0000000087400000, 0x0000000087400000| Complete 
|  85|0x0000000087500000, 0x0000000087600000, 0x0000000087600000|100%| E|CS|TAMS 0x0000000087500000, 0x0000000087500000| Complete 
|  86|0x0000000087600000, 0x0000000087700000, 0x0000000087700000|100%| E|CS|TAMS 0x0000000087600000, 0x0000000087600000| Complete 
|  87|0x0000000087700000, 0x0000000087800000, 0x0000000087800000|100%| E|CS|TAMS 0x0000000087700000, 0x0000000087700000| Complete 
|  88|0x0000000087800000, 0x0000000087900000, 0x0000000087900000|100%| E|CS|TAMS 0x0000000087800000, 0x0000000087800000| Complete 
|  89|0x0000000087900000, 0x0000000087a00000, 0x0000000087a00000|100%| E|CS|TAMS 0x0000000087900000, 0x0000000087900000| Complete 
|  90|0x0000000087a00000, 0x0000000087b00000, 0x0000000087b00000|100%| E|CS|TAMS 0x0000000087a00000, 0x0000000087a00000| Complete 
| 106|0x0000000088a00000, 0x0000000088a457d8, 0x0000000088b00000| 27%| S|CS|TAMS 0x0000000088a00000, 0x0000000088a00000| Complete 
| 107|0x0000000088b00000, 0x0000000088c00000, 0x0000000088c00000|100%| S|CS|TAMS 0x0000000088b00000, 0x0000000088b00000| Complete 
| 108|0x0000000088c00000, 0x0000000088d00000, 0x0000000088d00000|100%| S|CS|TAMS 0x0000000088c00000, 0x0000000088c00000| Complete 
| 109|0x0000000088d00000, 0x0000000088e00000, 0x0000000088e00000|100%| S|CS|TAMS 0x0000000088d00000, 0x0000000088d00000| Complete 
| 110|0x0000000088e00000, 0x0000000088f00000, 0x0000000088f00000|100%| S|CS|TAMS 0x0000000088e00000, 0x0000000088e00000| Complete 
| 125|0x0000000089d00000, 0x0000000089e00000, 0x0000000089e00000|100%| E|CS|TAMS 0x0000000089d00000, 0x0000000089d00000| Complete 

Card table byte_map: [0x000001b67cca0000,0x000001b67d090000] _byte_map_base: 0x000001b67c890000

Marking Bits (Prev, Next): (CMBitMap*) 0x000001b665899d70, (CMBitMap*) 0x000001b665899db0
 Prev Bits: [0x000001b67d480000, 0x000001b67f400000)
 Next Bits: [0x000001b600000000, 0x000001b601f80000)

Polling page: 0x000001b6637d0000

Metaspace:

Usage:
  Non-class:     34.34 MB used.
      Class:      4.88 MB used.
       Both:     39.23 MB used.

Virtual space:
  Non-class space:       64.00 MB reserved,      34.50 MB ( 54%) committed,  1 nodes.
      Class space:        1.00 GB reserved,       5.00 MB ( <1%) committed,  1 nodes.
             Both:        1.06 GB reserved,      39.50 MB (  4%) committed. 

Chunk freelists:
   Non-Class:  12.03 MB
       Class:  11.01 MB
        Both:  23.04 MB

MaxMetaspaceSize: unlimited
CompressedClassSpaceSize: 1.00 GB
Initial GC threshold: 21.00 MB
Current GC threshold: 59.06 MB
CDS: on
MetaspaceReclaimPolicy: balanced
 - commit_granule_bytes: 65536.
 - commit_granule_words: 8192.
 - virtual_space_node_default_size: 8388608.
 - enlarge_chunks_in_place: 1.
 - new_chunks_are_fully_committed: 0.
 - uncommit_free_chunks: 1.
 - use_allocation_guard: 0.
 - handle_deallocations: 1.


Internal statistics:

num_allocs_failed_limit: 6.
num_arena_births: 196.
num_arena_deaths: 0.
num_vsnodes_births: 2.
num_vsnodes_deaths: 0.
num_space_committed: 630.
num_space_uncommitted: 0.
num_chunks_returned_to_freelist: 6.
num_chunks_taken_from_freelist: 1585.
num_chunk_merges: 6.
num_chunk_splits: 1291.
num_chunks_enlarged: 1161.
num_inconsistent_stats: 0.

CodeHeap 'non-profiled nmethods': size=120000Kb used=1577Kb max_used=1577Kb free=118422Kb
 bounds [0x000001b674e30000, 0x000001b6750a0000, 0x000001b67c360000]
CodeHeap 'profiled nmethods': size=120000Kb used=7718Kb max_used=7718Kb free=112281Kb
 bounds [0x000001b66d360000, 0x000001b66daf0000, 0x000001b674890000]
CodeHeap 'non-nmethods': size=5760Kb used=1264Kb max_used=1317Kb free=4495Kb
 bounds [0x000001b674890000, 0x000001b674b00000, 0x000001b674e30000]
 total_blobs=4443 nmethods=3867 adapters=488
 compilation: enabled
              stopped_count=0, restarted_count=0
 full_count=0

Compilation events (20 events):
Event: 9.218 Thread 0x000001b67fd5c790 nmethod 3856 0x000001b66dad4d90 code [0x000001b66dad4f40, 0x000001b66dad51a8]
Event: 9.218 Thread 0x000001b67fd5c790 3857       2       kotlin.sequences.FilteringSequence$iterator$1::<init> (28 bytes)
Event: 9.219 Thread 0x000001b67fd5c790 nmethod 3857 0x000001b66dad5290 code [0x000001b66dad5440, 0x000001b66dad5648]
Event: 9.219 Thread 0x000001b67fd5c790 3858       2       org.jetbrains.kotlin.load.java.structure.JavaLoadingKt::isObjectMethod (104 bytes)
Event: 9.219 Thread 0x000001b67fd5c790 nmethod 3858 0x000001b66dad5710 code [0x000001b66dad5920, 0x000001b66dad5be8]
Event: 9.219 Thread 0x000001b67fd5c790 3853       1       org.jetbrains.kotlin.load.java.typeEnhancement.JavaTypeEnhancement$SimpleResult::getSubtreeSize (5 bytes)
Event: 9.219 Thread 0x000001b67fd5c790 nmethod 3853 0x000001b674fb8510 code [0x000001b674fb86a0, 0x000001b674fb8778]
Event: 9.224 Thread 0x000001b67fd5c790 3859       2       java.util.ArrayList::subList (20 bytes)
Event: 9.224 Thread 0x000001b67fd5c790 nmethod 3859 0x000001b66dad5d90 code [0x000001b66dad5f40, 0x000001b66dad6168]
Event: 9.224 Thread 0x000001b67fd5c790 3860       2       kotlin.sequences.FlatteningSequence$iterator$1::next (29 bytes)
Event: 9.225 Thread 0x000001b67fd5c790 nmethod 3860 0x000001b66dad6210 code [0x000001b66dad6400, 0x000001b66dad6798]
Event: 9.229 Thread 0x000001b67fd5c790 3861       2       org.jetbrains.kotlin.cli.jvm.index.SingleJavaFileRootsIndex::findJavaSourceClass (121 bytes)
Event: 9.230 Thread 0x000001b67fd5c790 nmethod 3861 0x000001b66dad6990 code [0x000001b66dad6be0, 0x000001b66dad7168]
Event: 9.237 Thread 0x000001b67fd5c790 3862       1       org.jetbrains.kotlin.com.intellij.util.containers.hash.LinkedHashMap::size (5 bytes)
Event: 9.237 Thread 0x000001b67fd5c790 nmethod 3862 0x000001b674fb8810 code [0x000001b674fb89a0, 0x000001b674fb8a78]
Event: 9.241 Thread 0x000001b67fd5c790 3863       2       org.jetbrains.kotlin.types.checker.SimpleClassicTypeSystemContext::typeConstructor (6 bytes)
Event: 9.241 Thread 0x000001b67fd5c790 nmethod 3863 0x000001b66dad7590 code [0x000001b66dad7720, 0x000001b66dad7848]
Event: 9.241 Thread 0x000001b67fd5c790 3864       1       org.jetbrains.kotlin.types.DelegatingSimpleTypeImpl::getDelegate (5 bytes)
Event: 9.241 Thread 0x000001b67fd5c790 nmethod 3864 0x000001b674fb8b10 code [0x000001b674fb8ca0, 0x000001b674fb8d78]
Event: 9.247 Thread 0x000001b67fd5c790 3865       2       org.jetbrains.kotlin.incremental.UtilsKt::record (118 bytes)

GC Heap History (16 events):
Event: 1.492 GC heap before
{Heap before GC invocations=0 (full 0):
 garbage-first heap   total 129024K, used 27648K [0x0000000082000000, 0x0000000100000000)
  region size 1024K, 23 young (23552K), 0 survivors (0K)
 Metaspace       used 7173K, committed 7360K, reserved 1114112K
  class space    used 753K, committed 832K, reserved 1048576K
}
Event: 1.498 GC heap after
{Heap after GC invocations=1 (full 0):
 garbage-first heap   total 129024K, used 7015K [0x0000000082000000, 0x0000000100000000)
  region size 1024K, 3 young (3072K), 3 survivors (3072K)
 Metaspace       used 7173K, committed 7360K, reserved 1114112K
  class space    used 753K, committed 832K, reserved 1048576K
}
Event: 2.504 GC heap before
{Heap before GC invocations=1 (full 0):
 garbage-first heap   total 129024K, used 41831K [0x0000000082000000, 0x0000000100000000)
  region size 1024K, 35 young (35840K), 3 survivors (3072K)
 Metaspace       used 15294K, committed 15488K, reserved 1114112K
  class space    used 2014K, committed 2112K, reserved 1048576K
}
Event: 2.516 GC heap after
{Heap after GC invocations=2 (full 0):
 garbage-first heap   total 129024K, used 12596K [0x0000000082000000, 0x0000000100000000)
  region size 1024K, 4 young (4096K), 4 survivors (4096K)
 Metaspace       used 15294K, committed 15488K, reserved 1114112K
  class space    used 2014K, committed 2112K, reserved 1048576K
}
Event: 4.250 GC heap before
{Heap before GC invocations=2 (full 0):
 garbage-first heap   total 129024K, used 43316K [0x0000000082000000, 0x0000000100000000)
  region size 1024K, 35 young (35840K), 4 survivors (4096K)
 Metaspace       used 21335K, committed 21504K, reserved 1114112K
  class space    used 2879K, committed 2944K, reserved 1048576K
}
Event: 4.274 GC heap after
{Heap after GC invocations=3 (full 0):
 garbage-first heap   total 129024K, used 14753K [0x0000000082000000, 0x0000000100000000)
  region size 1024K, 8 young (8192K), 8 survivors (8192K)
 Metaspace       used 21335K, committed 21504K, reserved 1114112K
  class space    used 2879K, committed 2944K, reserved 1048576K
}
Event: 5.538 GC heap before
{Heap before GC invocations=4 (full 0):
 garbage-first heap   total 55296K, used 39329K [0x0000000082000000, 0x0000000100000000)
  region size 1024K, 32 young (32768K), 8 survivors (8192K)
 Metaspace       used 26115K, committed 26304K, reserved 1114112K
  class space    used 3320K, committed 3392K, reserved 1048576K
}
Event: 5.563 GC heap after
{Heap after GC invocations=5 (full 0):
 garbage-first heap   total 55296K, used 17462K [0x0000000082000000, 0x0000000100000000)
  region size 1024K, 3 young (3072K), 3 survivors (3072K)
 Metaspace       used 26115K, committed 26304K, reserved 1114112K
  class space    used 3320K, committed 3392K, reserved 1048576K
}
Event: 5.571 GC heap before
{Heap before GC invocations=5 (full 0):
 garbage-first heap   total 55296K, used 18486K [0x0000000082000000, 0x0000000100000000)
  region size 1024K, 4 young (4096K), 3 survivors (3072K)
 Metaspace       used 26124K, committed 26304K, reserved 1114112K
  class space    used 3320K, committed 3392K, reserved 1048576K
}
Event: 5.583 GC heap after
{Heap after GC invocations=6 (full 0):
 garbage-first heap   total 55296K, used 18109K [0x0000000082000000, 0x0000000100000000)
  region size 1024K, 1 young (1024K), 1 survivors (1024K)
 Metaspace       used 26124K, committed 26304K, reserved 1114112K
  class space    used 3320K, committed 3392K, reserved 1048576K
}
Event: 6.629 GC heap before
{Heap before GC invocations=6 (full 0):
 garbage-first heap   total 55296K, used 39613K [0x0000000082000000, 0x0000000100000000)
  region size 1024K, 22 young (22528K), 1 survivors (1024K)
 Metaspace       used 30848K, committed 31040K, reserved 1114112K
  class space    used 3835K, committed 3904K, reserved 1048576K
}
Event: 6.646 GC heap after
{Heap after GC invocations=7 (full 0):
 garbage-first heap   total 55296K, used 21237K [0x0000000082000000, 0x0000000100000000)
  region size 1024K, 3 young (3072K), 3 survivors (3072K)
 Metaspace       used 30848K, committed 31040K, reserved 1114112K
  class space    used 3835K, committed 3904K, reserved 1048576K
}
Event: 7.622 GC heap before
{Heap before GC invocations=7 (full 0):
 garbage-first heap   total 55296K, used 41717K [0x0000000082000000, 0x0000000100000000)
  region size 1024K, 22 young (22528K), 3 survivors (3072K)
 Metaspace       used 33968K, committed 34240K, reserved 1114112K
  class space    used 4192K, committed 4352K, reserved 1048576K
}
Event: 7.641 GC heap after
{Heap after GC invocations=8 (full 0):
 garbage-first heap   total 121856K, used 26570K [0x0000000082000000, 0x0000000100000000)
  region size 1024K, 3 young (3072K), 3 survivors (3072K)
 Metaspace       used 33968K, committed 34240K, reserved 1114112K
  class space    used 4192K, committed 4352K, reserved 1048576K
}
Event: 8.132 GC heap before
{Heap before GC invocations=8 (full 0):
 garbage-first heap   total 121856K, used 33738K [0x0000000082000000, 0x0000000100000000)
  region size 1024K, 11 young (11264K), 3 survivors (3072K)
 Metaspace       used 35941K, committed 36160K, reserved 1114112K
  class space    used 4410K, committed 4544K, reserved 1048576K
}
Event: 8.145 GC heap after
{Heap after GC invocations=9 (full 0):
 garbage-first heap   total 121856K, used 27871K [0x0000000082000000, 0x0000000100000000)
  region size 1024K, 5 young (5120K), 5 survivors (5120K)
 Metaspace       used 35941K, committed 36160K, reserved 1114112K
  class space    used 4410K, committed 4544K, reserved 1048576K
}

Dll operation events (7 events):
Event: 0.009 Loaded shared library C:\Program Files\Microsoft\jdk-17.0.11.9-hotspot\bin\java.dll
Event: 0.042 Loaded shared library C:\Program Files\Microsoft\jdk-17.0.11.9-hotspot\bin\jsvml.dll
Event: 0.088 Loaded shared library C:\Program Files\Microsoft\jdk-17.0.11.9-hotspot\bin\net.dll
Event: 0.090 Loaded shared library C:\Program Files\Microsoft\jdk-17.0.11.9-hotspot\bin\nio.dll
Event: 0.157 Loaded shared library C:\Program Files\Microsoft\jdk-17.0.11.9-hotspot\bin\zip.dll
Event: 0.280 Loaded shared library C:\Program Files\Microsoft\jdk-17.0.11.9-hotspot\bin\jimage.dll
Event: 1.989 Loaded shared library C:\Program Files\Microsoft\jdk-17.0.11.9-hotspot\bin\verify.dll

Deoptimization events (20 events):
Event: 9.012 Thread 0x000001b66583ee70 Uncommon trap: trap_request=0xffffffde fr.pc=0x000001b674f46d5c relative=0x00000000000003fc
Event: 9.012 Thread 0x000001b66583ee70 Uncommon trap: reason=class_check action=maybe_recompile pc=0x000001b674f46d5c method=org.jetbrains.kotlin.com.intellij.psi.impl.source.tree.TreeElement.rawRemoveUpToWithoutNotifications(Lorg/jetbrains/kotlin/com/intellij/psi/impl/source/tree/TreeElement;
Event: 9.012 Thread 0x000001b66583ee70 DEOPT PACKING pc=0x000001b674f46d5c sp=0x0000004e3d6fd340
Event: 9.012 Thread 0x000001b66583ee70 DEOPT UNPACKING pc=0x000001b6748e69a3 sp=0x0000004e3d6fd2e0 mode 2
Event: 9.160 Thread 0x000001b66583ee70 Uncommon trap: trap_request=0xffffffde fr.pc=0x000001b674e732c0 relative=0x0000000000001100
Event: 9.160 Thread 0x000001b66583ee70 Uncommon trap: reason=class_check action=maybe_recompile pc=0x000001b674e732c0 method=java.util.concurrent.ConcurrentHashMap.putVal(Ljava/lang/Object;Ljava/lang/Object;Z)Ljava/lang/Object; @ 159 c2
Event: 9.161 Thread 0x000001b66583ee70 DEOPT PACKING pc=0x000001b674e732c0 sp=0x0000004e3d6fb3a0
Event: 9.161 Thread 0x000001b66583ee70 DEOPT UNPACKING pc=0x000001b6748e69a3 sp=0x0000004e3d6fb320 mode 2
Event: 9.244 Thread 0x000001b66583ee70 Uncommon trap: trap_request=0xffffff45 fr.pc=0x000001b674f8437c relative=0x000000000000079c
Event: 9.244 Thread 0x000001b66583ee70 Uncommon trap: reason=unstable_if action=reinterpret pc=0x000001b674f8437c method=java.util.HashMap.putVal(ILjava/lang/Object;Ljava/lang/Object;ZZ)Ljava/lang/Object; @ 206 c2
Event: 9.244 Thread 0x000001b66583ee70 DEOPT PACKING pc=0x000001b674f8437c sp=0x0000004e3d6fcac0
Event: 9.244 Thread 0x000001b66583ee70 DEOPT UNPACKING pc=0x000001b6748e69a3 sp=0x0000004e3d6fc9d8 mode 2
Event: 9.244 Thread 0x000001b66583ee70 Uncommon trap: trap_request=0xffffff45 fr.pc=0x000001b674ed4cc4 relative=0x0000000000000304
Event: 9.244 Thread 0x000001b66583ee70 Uncommon trap: reason=unstable_if action=reinterpret pc=0x000001b674ed4cc4 method=java.util.HashMap.getNode(Ljava/lang/Object;)Ljava/util/HashMap$Node; @ 66 c2
Event: 9.244 Thread 0x000001b66583ee70 DEOPT PACKING pc=0x000001b674ed4cc4 sp=0x0000004e3d6fcb60
Event: 9.244 Thread 0x000001b66583ee70 DEOPT UNPACKING pc=0x000001b6748e69a3 sp=0x0000004e3d6fcad0 mode 2
Event: 9.245 Thread 0x000001b66583ee70 Uncommon trap: trap_request=0xffffff45 fr.pc=0x000001b674f832fc relative=0x000000000000079c
Event: 9.245 Thread 0x000001b66583ee70 Uncommon trap: reason=unstable_if action=reinterpret pc=0x000001b674f832fc method=java.util.HashMap.putVal(ILjava/lang/Object;Ljava/lang/Object;ZZ)Ljava/lang/Object; @ 94 c2
Event: 9.245 Thread 0x000001b66583ee70 DEOPT PACKING pc=0x000001b674f832fc sp=0x0000004e3d6fca70
Event: 9.245 Thread 0x000001b66583ee70 DEOPT UNPACKING pc=0x000001b6748e69a3 sp=0x0000004e3d6fca38 mode 2

Classes unloaded (0 events):
No events

Classes redefined (0 events):
No events

Internal exceptions (20 events):
Event: 1.862 Thread 0x000001b66583ee70 Exception <a 'java/lang/NoSuchMethodError'{0x00000000895778b0}: 'void java.lang.invoke.DirectMethodHandle$Holder.invokeStatic(java.lang.Object, java.lang.Object, java.lang.Object, java.lang.Object)'> (0x00000000895778b0) 
thrown [s\src\hotspot\share\interpreter\linkResolver.cpp, line 759]
Event: 1.947 Thread 0x000001b66583ee70 Exception <a 'java/lang/NoSuchMethodError'{0x000000008913bea0}: 'void java.lang.invoke.DirectMethodHandle$Holder.invokeStaticInit(java.lang.Object, java.lang.Object)'> (0x000000008913bea0) 
thrown [s\src\hotspot\share\interpreter\linkResolver.cpp, line 759]
Event: 2.070 Thread 0x000001b66583ee70 Exception <a 'java/lang/NoSuchMethodError'{0x0000000088df8248}: 'void java.lang.invoke.DirectMethodHandle$Holder.invokeVirtual(java.lang.Object, java.lang.Object)'> (0x0000000088df8248) 
thrown [s\src\hotspot\share\interpreter\linkResolver.cpp, line 759]
Event: 2.081 Thread 0x000001b66583ee70 Exception <a 'java/lang/NoSuchMethodError'{0x0000000088c73720}: 'int java.lang.invoke.DirectMethodHandle$Holder.invokeVirtual(java.lang.Object, java.lang.Object)'> (0x0000000088c73720) 
thrown [s\src\hotspot\share\interpreter\linkResolver.cpp, line 759]
Event: 2.103 Thread 0x000001b66583ee70 Exception <a 'java/lang/NoSuchMethodError'{0x0000000088b2ee90}: 'java.lang.Object java.lang.invoke.Invokers$Holder.invokeExact_MT(java.lang.Object, java.lang.Object, java.lang.Object, java.lang.Object, java.lang.Object, java.lang.Object)'> (0x0000000088b2ee90) 
thrown [s\src\hotspot\share\interpreter\linkResolver.cpp, line 759]
Event: 3.375 Thread 0x000001b66583ee70 Implicit null exception at 0x000001b674e55072 to 0x000001b674e5568c
Event: 3.661 Thread 0x000001b66583ee70 Implicit null exception at 0x000001b674e5b0f2 to 0x000001b674e5b72c
Event: 3.831 Thread 0x000001b66583ee70 Exception <a 'java/lang/NoSuchMethodError'{0x000000008855a240}: 'java.lang.Object java.lang.invoke.DirectMethodHandle$Holder.invokeVirtual(java.lang.Object, java.lang.Object, java.lang.Object)'> (0x000000008855a240) 
thrown [s\src\hotspot\share\interpreter\linkResolver.cpp, line 759]
Event: 6.013 Thread 0x000001b66583ee70 Exception <a 'java/lang/NoSuchMethodError'{0x0000000084a1bf38}: 'java.lang.Object java.lang.invoke.DirectMethodHandle$Holder.newInvokeSpecial(java.lang.Object, java.lang.Object, int)'> (0x0000000084a1bf38) 
thrown [s\src\hotspot\share\interpreter\linkResolver.cpp, line 759]
Event: 6.520 Thread 0x000001b66583ee70 Exception <a 'java/lang/NoSuchMethodError'{0x000000008423ccd0}: 'java.lang.Object java.lang.invoke.DirectMethodHandle$Holder.newInvokeSpecial(java.lang.Object, java.lang.Object, java.lang.Object, int)'> (0x000000008423ccd0) 
thrown [s\src\hotspot\share\interpreter\linkResolver.cpp, line 759]
Event: 6.521 Thread 0x000001b66583ee70 Exception <a 'java/lang/NoSuchMethodError'{0x0000000084241358}: 'java.lang.Object java.lang.invoke.DirectMethodHandle$Holder.invokeSpecial(java.lang.Object, java.lang.Object, java.lang.Object, java.lang.Object, int)'> (0x0000000084241358) 
thrown [s\src\hotspot\share\interpreter\linkResolver.cpp, line 759]
Event: 6.524 Thread 0x000001b66583ee70 Exception <a 'java/lang/NoSuchMethodError'{0x00000000842451c8}: 'java.lang.Object java.lang.invoke.Invokers$Holder.linkToTargetMethod(java.lang.Object, java.lang.Object, int, java.lang.Object)'> (0x00000000842451c8) 
thrown [s\src\hotspot\share\interpreter\linkResolver.cpp, line 759]
Event: 8.228 Thread 0x000001b66583ee70 Exception <a 'java/lang/NoSuchMethodError'{0x000000008795b010}: 'java.lang.Object java.lang.invoke.DirectMethodHandle$Holder.newInvokeSpecial(java.lang.Object, java.lang.Object, java.lang.Object, java.lang.Object, java.lang.Object)'> (0x000000008795b010) 
thrown [s\src\hotspot\share\interpreter\linkResolver.cpp, line 759]
Event: 8.232 Thread 0x000001b66583ee70 Exception <a 'java/lang/NoSuchMethodError'{0x000000008796a798}: 'java.lang.Object java.lang.invoke.DirectMethodHandle$Holder.invokeStatic(java.lang.Object, java.lang.Object, java.lang.Object, java.lang.Object, int)'> (0x000000008796a798) 
thrown [s\src\hotspot\share\interpreter\linkResolver.cpp, line 759]
Event: 8.233 Thread 0x000001b66583ee70 Exception <a 'java/lang/NoSuchMethodError'{0x0000000087974480}: 'java.lang.Object java.lang.invoke.DirectMethodHandle$Holder.newInvokeSpecial(java.lang.Object, java.lang.Object, java.lang.Object, java.lang.Object, int)'> (0x0000000087974480) 
thrown [s\src\hotspot\share\interpreter\linkResolver.cpp, line 759]
Event: 8.234 Thread 0x000001b66583ee70 Exception <a 'java/lang/NoSuchMethodError'{0x0000000087978fb0}: 'java.lang.Object java.lang.invoke.DirectMethodHandle$Holder.invokeSpecial(java.lang.Object, java.lang.Object, java.lang.Object, java.lang.Object, java.lang.Object, int)'> (0x0000000087978fb0) 
thrown [s\src\hotspot\share\interpreter\linkResolver.cpp, line 759]
Event: 8.234 Thread 0x000001b66583ee70 Exception <a 'java/lang/NoSuchMethodError'{0x000000008797d490}: 'java.lang.Object java.lang.invoke.Invokers$Holder.linkToTargetMethod(java.lang.Object, java.lang.Object, java.lang.Object, int, java.lang.Object)'> (0x000000008797d490) 
thrown [s\src\hotspot\share\interpreter\linkResolver.cpp, line 759]
Event: 8.998 Thread 0x000001b66583ee70 Exception <a 'java/lang/NoSuchMethodError'{0x0000000086c83f18}: 'java.lang.Object java.lang.invoke.DirectMethodHandle$Holder.newInvokeSpecial(java.lang.Object, java.lang.Object, java.lang.Object, java.lang.Object, java.lang.Object, java.lang.Object, java.lang.Object, java.lang.Object)'> (0x0000000086c83f18) 
thrown [s\src\hotspot\share\interpreter\linkResolver.cpp, line 759]
Event: 8.999 Thread 0x000001b66583ee70 Exception <a 'java/lang/NoSuchMethodError'{0x0000000086c89530}: 'java.lang.Object java.lang.invoke.DirectMethodHandle$Holder.invokeSpecial(java.lang.Object, java.lang.Object, java.lang.Object, java.lang.Object, java.lang.Object, java.lang.Object, java.lang.Object, java.lang.Object, java.lang.Object)'> (0x0000000086c89530) 
thrown [s\src\hotspot\share\interpreter\linkResolver.cpp, line 759]
Event: 8.999 Thread 0x000001b66583ee70 Exception <a 'java/lang/NoSuchMethodError'{0x0000000086c8e460}: 'java.lang.Object java.lang.invoke.Invokers$Holder.linkToTargetMethod(java.lang.Object, java.lang.Object, java.lang.Object, java.lang.Object, java.lang.Object, java.lang.Object, java.lang.Object, java.lang.Object)'> (0x0000000086c8e460) 
thrown [s\src\hotspot\share\interpreter\linkResolver.cpp, line 759]

VM Operations (20 events):
Event: 8.179 Executing VM operation: G1PauseCleanup
Event: 8.180 Executing VM operation: G1PauseCleanup done
Event: 8.194 Executing VM operation: HandshakeAllThreads
Event: 8.194 Executing VM operation: HandshakeAllThreads done
Event: 8.247 Executing VM operation: HandshakeAllThreads
Event: 8.247 Executing VM operation: HandshakeAllThreads done
Event: 8.328 Executing VM operation: HandshakeAllThreads
Event: 8.328 Executing VM operation: HandshakeAllThreads done
Event: 8.380 Executing VM operation: HandshakeAllThreads
Event: 8.380 Executing VM operation: HandshakeAllThreads done
Event: 8.643 Executing VM operation: HandshakeAllThreads
Event: 8.643 Executing VM operation: HandshakeAllThreads done
Event: 8.776 Executing VM operation: HandshakeAllThreads
Event: 8.776 Executing VM operation: HandshakeAllThreads done
Event: 8.942 Executing VM operation: ICBufferFull
Event: 8.943 Executing VM operation: ICBufferFull done
Event: 8.974 Executing VM operation: HandshakeAllThreads
Event: 8.974 Executing VM operation: HandshakeAllThreads done
Event: 9.227 Executing VM operation: HandshakeAllThreads
Event: 9.227 Executing VM operation: HandshakeAllThreads done

Events (20 events):
Event: 6.769 loading class java/security/AccessControlException
Event: 6.769 loading class java/security/AccessControlException done
Event: 6.798 loading class java/text/StringCharacterIterator
Event: 6.798 loading class java/text/CharacterIterator
Event: 6.799 loading class java/text/CharacterIterator done
Event: 6.799 loading class java/text/StringCharacterIterator done
Event: 6.875 loading class java/util/ArrayList$SubList$1
Event: 6.875 loading class java/util/ArrayList$SubList$1 done
Event: 6.906 loading class java/lang/annotation/ElementType
Event: 6.906 loading class java/lang/annotation/ElementType done
Event: 6.906 loading class java/lang/Override
Event: 6.906 loading class java/lang/Override done
Event: 6.936 Thread 0x000001b604258a00 Thread added: 0x000001b604258a00
Event: 7.198 Thread 0x000001b604258a00 Thread exited: 0x000001b604258a00
Event: 7.583 loading class java/util/stream/IntPipeline$1
Event: 7.584 loading class java/util/stream/IntPipeline$1 done
Event: 7.588 loading class java/util/stream/IntPipeline$1$1
Event: 7.588 loading class java/util/stream/IntPipeline$1$1 done
Event: 8.196 loading class java/util/ComparableTimSort
Event: 8.196 loading class java/util/ComparableTimSort done


Dynamic libraries:
0x00007ff618c40000 - 0x00007ff618c4e000 	C:\Program Files\Microsoft\jdk-17.0.11.9-hotspot\bin\java.exe
0x00007ffeaae30000 - 0x00007ffeab047000 	C:\Windows\SYSTEM32\ntdll.dll
0x00007ffea9170000 - 0x00007ffea9234000 	C:\Windows\System32\KERNEL32.DLL
0x00007ffea8710000 - 0x00007ffea8abd000 	C:\Windows\System32\KERNELBASE.dll
0x00007ffea8530000 - 0x00007ffea8641000 	C:\Windows\System32\ucrtbase.dll
0x00007ffea5370000 - 0x00007ffea5387000 	C:\Program Files\Microsoft\jdk-17.0.11.9-hotspot\bin\jli.dll
0x00007ffea53b0000 - 0x00007ffea53cb000 	C:\Program Files\Microsoft\jdk-17.0.11.9-hotspot\bin\VCRUNTIME140.dll
0x00007ffeaac40000 - 0x00007ffeaadee000 	C:\Windows\System32\USER32.dll
0x00007ffe85550000 - 0x00007ffe857e3000 	C:\Windows\WinSxS\amd64_microsoft.windows.common-controls_6595b64144ccf1df_6.0.22621.3672_none_2713b9d173822955\COMCTL32.dll
0x00007ffea81d0000 - 0x00007ffea81f6000 	C:\Windows\System32\win32u.dll
0x00007ffea8c40000 - 0x00007ffea8ce7000 	C:\Windows\System32\msvcrt.dll
0x00007ffea93c0000 - 0x00007ffea93e9000 	C:\Windows\System32\GDI32.dll
0x00007ffea83e0000 - 0x00007ffea84f9000 	C:\Windows\System32\gdi32full.dll
0x00007ffea8ac0000 - 0x00007ffea8b5a000 	C:\Windows\System32\msvcp_win.dll
0x00007ffea9f00000 - 0x00007ffea9f31000 	C:\Windows\System32\IMM32.DLL
0x00007ffea5220000 - 0x00007ffea522c000 	C:\Program Files\Microsoft\jdk-17.0.11.9-hotspot\bin\vcruntime140_1.dll
0x00007ffe7d930000 - 0x00007ffe7d9bd000 	C:\Program Files\Microsoft\jdk-17.0.11.9-hotspot\bin\msvcp140.dll
0x00007ffe07930000 - 0x00007ffe08596000 	C:\Program Files\Microsoft\jdk-17.0.11.9-hotspot\bin\server\jvm.dll
0x00007ffeaab80000 - 0x00007ffeaac32000 	C:\Windows\System32\ADVAPI32.dll
0x00007ffeaaad0000 - 0x00007ffeaab79000 	C:\Windows\System32\sechost.dll
0x00007ffea8500000 - 0x00007ffea8528000 	C:\Windows\System32\bcrypt.dll
0x00007ffea95e0000 - 0x00007ffea96f4000 	C:\Windows\System32\RPCRT4.dll
0x00007ffe8f810000 - 0x00007ffe8f819000 	C:\Windows\SYSTEM32\WSOCK32.dll
0x00007ffea8020000 - 0x00007ffea806d000 	C:\Windows\SYSTEM32\POWRPROF.dll
0x00007ffeaa170000 - 0x00007ffeaa1e1000 	C:\Windows\System32\WS2_32.dll
0x00007ffea0ad0000 - 0x00007ffea0b04000 	C:\Windows\SYSTEM32\WINMM.dll
0x00007ffea0f60000 - 0x00007ffea0f6a000 	C:\Windows\SYSTEM32\VERSION.dll
0x00007ffea8000000 - 0x00007ffea8013000 	C:\Windows\SYSTEM32\UMPDC.dll
0x00007ffea71a0000 - 0x00007ffea71b8000 	C:\Windows\SYSTEM32\kernel.appcore.dll
0x00007ffea5210000 - 0x00007ffea521a000 	C:\Program Files\Microsoft\jdk-17.0.11.9-hotspot\bin\jimage.dll
0x00007ffe8cd20000 - 0x00007ffe8cf52000 	C:\Windows\SYSTEM32\DBGHELP.DLL
0x00007ffea9700000 - 0x00007ffea9a8e000 	C:\Windows\System32\combase.dll
0x00007ffea9c50000 - 0x00007ffea9d27000 	C:\Windows\System32\OLEAUT32.dll
0x00007ffe79c00000 - 0x00007ffe79c32000 	C:\Windows\SYSTEM32\dbgcore.DLL
0x00007ffea8150000 - 0x00007ffea81cb000 	C:\Windows\System32\bcryptPrimitives.dll
0x00007ffe8b4b0000 - 0x00007ffe8b4d5000 	C:\Program Files\Microsoft\jdk-17.0.11.9-hotspot\bin\java.dll
0x00007ffe7d850000 - 0x00007ffe7d927000 	C:\Program Files\Microsoft\jdk-17.0.11.9-hotspot\bin\jsvml.dll
0x00007ffeaa1f0000 - 0x00007ffeaaa57000 	C:\Windows\System32\SHELL32.dll
0x00007ffea60c0000 - 0x00007ffea69bf000 	C:\Windows\SYSTEM32\windows.storage.dll
0x00007ffea5f80000 - 0x00007ffea60bf000 	C:\Windows\SYSTEM32\wintypes.dll
0x00007ffea93f0000 - 0x00007ffea94e9000 	C:\Windows\System32\SHCORE.dll
0x00007ffea94f0000 - 0x00007ffea954e000 	C:\Windows\System32\shlwapi.dll
0x00007ffea8080000 - 0x00007ffea80a7000 	C:\Windows\SYSTEM32\profapi.dll
0x00007ffea3b30000 - 0x00007ffea3b49000 	C:\Program Files\Microsoft\jdk-17.0.11.9-hotspot\bin\net.dll
0x00007ffea0db0000 - 0x00007ffea0ee6000 	C:\Windows\SYSTEM32\WINHTTP.dll
0x00007ffea7610000 - 0x00007ffea7679000 	C:\Windows\system32\mswsock.dll
0x00007ffea1c10000 - 0x00007ffea1c26000 	C:\Program Files\Microsoft\jdk-17.0.11.9-hotspot\bin\nio.dll
0x00007ffe8b9a0000 - 0x00007ffe8b9b8000 	C:\Program Files\Microsoft\jdk-17.0.11.9-hotspot\bin\zip.dll
0x00007ffea51d0000 - 0x00007ffea51e0000 	C:\Program Files\Microsoft\jdk-17.0.11.9-hotspot\bin\verify.dll

dbghelp: loaded successfully - version: 4.0.5 - missing functions: none
symbol engine: initialized successfully - sym options: 0x614 - pdb path: .;C:\Program Files\Microsoft\jdk-17.0.11.9-hotspot\bin;C:\Windows\SYSTEM32;C:\Windows\WinSxS\amd64_microsoft.windows.common-controls_6595b64144ccf1df_6.0.22621.3672_none_2713b9d173822955;C:\Program Files\Microsoft\jdk-17.0.11.9-hotspot\bin\server

VM Arguments:
java_command: org.jetbrains.kotlin.cli.jvm.K2JVMCompiler @C:\Users\Bruno\Videos\app_graal\app_graal\node_modules\react-native-screens\android\build\20241003_14547224998438393750.compiler.options
java_class_path (initial): C:\Users\Bruno\.gradle\caches\modules-2\files-2.1\org.jetbrains.kotlin\kotlin-compiler-embeddable\1.9.24\78dab849090e6c5e2eadb6e59a11cdc28fb67a08\kotlin-compiler-embeddable-1.9.24.jar;C:\Users\Bruno\.gradle\caches\modules-2\files-2.1\org.jetbrains.kotlin\kotlin-stdlib\1.9.24\9928532f12c66ad816a625b3f9984f8368ca6d2b\kotlin-stdlib-1.9.24.jar;C:\Users\Bruno\.gradle\caches\modules-2\files-2.1\org.jetbrains.kotlin\kotlin-script-runtime\1.9.24\96771497da90fbc5af1c90fce148db2595a62502\kotlin-script-runtime-1.9.24.jar;C:\Users\Bruno\.gradle\caches\modules-2\files-2.1\org.jetbrains.kotlin\kotlin-reflect\1.6.10\1cbe9c92c12a94eea200d23c2bbaedaf3daf5132\kotlin-reflect-1.6.10.jar;C:\Users\Bruno\.gradle\caches\modules-2\files-2.1\org.jetbrains.kotlin\kotlin-daemon-embeddable\1.9.24\86685b9c5e8d170925bd9ddbdc263374a6a73281\kotlin-daemon-embeddable-1.9.24.jar;C:\Users\Bruno\.gradle\caches\modules-2\files-2.1\org.jetbrains.intellij.deps\trove4j\1.0.20200330\3afb14d5f9ceb459d724e907a21145e8ff394f02\trove4j-1.0.20200330.jar;C:\Users\Bruno\.gradle\caches\modules-2\files-2.1\org.jetbrains\annotations\13.0\919f0dfe192fb4e063e7dacadee7f8bb9a2672a9\annotations-13.0.jar
Launcher Type: SUN_STANDARD

[Global flags]
     intx CICompilerCount                          = 4                                         {product} {ergonomic}
     uint ConcGCThreads                            = 3                                         {product} {ergonomic}
     uint G1ConcRefinementThreads                  = 10                                        {product} {ergonomic}
   size_t G1HeapRegionSize                         = 1048576                                   {product} {ergonomic}
    uintx GCDrainStackTargetSize                   = 64                                        {product} {ergonomic}
   size_t InitialHeapSize                          = 132120576                                 {product} {ergonomic}
   size_t MarkStackSize                            = 4194304                                   {product} {ergonomic}
   size_t MaxHeapSize                              = 2113929216                                {product} {ergonomic}
   size_t MaxNewSize                               = 1267728384                                {product} {ergonomic}
   size_t MinHeapDeltaBytes                        = 1048576                                   {product} {ergonomic}
   size_t MinHeapSize                              = 8388608                                   {product} {ergonomic}
    uintx NonNMethodCodeHeapSize                   = 5839372                                {pd product} {ergonomic}
    uintx NonProfiledCodeHeapSize                  = 122909434                              {pd product} {ergonomic}
    uintx ProfiledCodeHeapSize                     = 122909434                              {pd product} {ergonomic}
    uintx ReservedCodeCacheSize                    = 251658240                              {pd product} {ergonomic}
     bool SegmentedCodeCache                       = true                                      {product} {ergonomic}
   size_t SoftMaxHeapSize                          = 2113929216                             {manageable} {ergonomic}
     bool UseCompressedClassPointers               = true                           {product lp64_product} {ergonomic}
     bool UseCompressedOops                        = true                           {product lp64_product} {ergonomic}
     bool UseG1GC                                  = true                                      {product} {ergonomic}
     bool UseLargePagesIndividualAllocation        = false                                  {pd product} {ergonomic}

Logging:
Log output configuration:
 #0: stdout all=warning uptime,level,tags
 #1: stderr all=off uptime,level,tags

Environment Variables:
JAVA_HOME=C:\Program Files\Microsoft\jdk-17.0.11.9-hotspot\
CLASSPATH=C:\Users\Bruno\Videos\app_graal\app_graal\android\\gradle\wrapper\gradle-wrapper.jar
PATH=C:\Program Files\Microsoft\jdk-17.0.11.9-hotspot\bin;C:\Program Files\Microsoft\jdk-21.0.3.9-hotspot\bin;C:\Program Files\Common Files\Oracle\Java\javapath;C:\Program Files\OpenJDK\jdk-11.0.15.10-hotspot\bin;C:\Windows\system32;C:\Windows;C:\Windows\System32\Wbem;C:\Windows\System32\WindowsPowerShell\v1.0\;C:\Windows\System32\OpenSSH\;C:\Program Files\Microsoft SQL Server\150\Tools\Binn\;C:\Program Files\Microsoft SQL Server\Client SDK\ODBC\170\Tools\Binn\;C:\Program Files\dotnet\;C:\Program Files\Git\cmd;C:\Users\Bruno\AppData\Roaming\nvm;C:\Program Files\nodejs;C:\maven\bin;C:\Program Files\PuTTY\;C:\Program Files\PostgreSQL\14\bin;C:\Program Files\Docker\Docker\resources\bin;C:\ProgramData\DockerDesktop\version-bin;C:\ProgramData\chocolatey\bin;;C:\Windows\system32;C:\Windows;C:\Windows\System32\Wbem;C:\Windows\System32\WindowsPowerShell\v1.0\;C:\Windows\System32\OpenSSH\;C:\Program Files (x86)\Microsoft SQL Server\150\Tools\Binn\;C:\Program Files\Microsoft SQL Server\150\DTS\Binn\;C:\Program Files\Microsoft SQL Server\Client SDK\ODBC\110\Tools\Binn\;C:\Program Files (x86)\Microsoft SQL Server\120\Tools\Binn\;C:\Program Files\Microsoft SQL Server\120\Tools\Binn\;C:\Program Files\Microsoft SQL Server\120\DTS\Binn\;C:\Program Files\TortoiseSVN\bin;C:\Users\Bruno\AppData\Local\Android\Sdk\tools;C:\Users\Bruno\AppData\Local\Microsoft\WindowsApps;C:\Users\Bruno\.dotnet\tools;C:\Users\Bruno\AppData\Local\Programs\Microsoft VS Code\bin;C:\Users\Bruno\AppData\Roaming\npm;C:\Users\Bruno\AppData\Roaming\nvm;C:\Program Files\nodejs;C:\Users\Bruno\AppData\Local\Android\Sdk\platform-tools;
USERNAME=Bruno
LANG=en_US.UTF-8
OS=Windows_NT
PROCESSOR_IDENTIFIER=Intel64 Family 6 Model 158 Stepping 10, GenuineIntel
TMP=C:\Users\Bruno\AppData\Local\Temp
TEMP=C:\Users\Bruno\AppData\Local\Temp



Periodic native trim disabled


---------------  S Y S T E M  ---------------

OS:
 Windows 11 , 64 bit Build 22621 (10.0.22621.3958)
OS uptime: 4 days 0:59 hours
Hyper-V role detected

CPU: total 12 (initial active 12) (6 cores per cpu, 2 threads per core) family 6 model 158 stepping 10 microcode 0xf0, cx8, cmov, fxsr, ht, mmx, 3dnowpref, sse, sse2, sse3, ssse3, sse4.1, sse4.2, popcnt, lzcnt, tsc, tscinvbit, avx, avx2, aes, erms, clmul, bmi1, bmi2, adx, fma, vzeroupper, clflush, clflushopt, hv
Processor Information for all 12 processors :
  Max Mhz: 2592, Current Mhz: 2592, Mhz Limit: 2592

Memory: 4k page, system-wide physical 8062M (217M free)
TotalPageFile size 16255M (AvailPageFile size 0M)
current process WorkingSet (physical memory assigned to process): 192M, peak: 192M
current process commit charge ("private bytes"): 263M, peak: 275M

vm_info: OpenJDK 64-Bit Server VM (17.0.11+9-LTS) for windows-amd64 JRE (17.0.11+9-LTS), built on Apr  9 2024 22:05:54 by "MicrosoftCorporation" with MS VC++ 16.10 / 16.11 (VS2019)

END.
